-------- training parameter --------
GPU ID        : 0
archtecture   : basic_cnn_middle
batch size    : 5
epoch         : 1000
color scheme  : yonly
size          : 64
------------------------------------

train mean loss: 0.018495
valid mean loss: 0.003724
  epoch 1, test cost of best model 0.003797
epoch 1 took 12 sec
train mean loss: 0.002345
valid mean loss: 0.001641
  epoch 2, test cost of best model 0.001764
epoch 2 took 11 sec
train mean loss: 0.001699
valid mean loss: 0.001511
  epoch 3, test cost of best model 0.001637
epoch 3 took 11 sec
train mean loss: 0.001644
valid mean loss: 0.001497
  epoch 4, test cost of best model 0.001621
epoch 4 took 11 sec
train mean loss: 0.001624
valid mean loss: 0.001606
epoch 5 took 10 sec
train mean loss: 0.001611
valid mean loss: 0.001467
  epoch 6, test cost of best model 0.001592
epoch 6 took 11 sec
train mean loss: 0.001600
valid mean loss: 0.001445
  epoch 7, test cost of best model 0.001570
epoch 7 took 11 sec
train mean loss: 0.001592
valid mean loss: 0.001434
  epoch 8, test cost of best model 0.001560
epoch 8 took 11 sec
train mean loss: 0.001568
valid mean loss: 0.001449
epoch 9 took 10 sec
train mean loss: 0.001557
valid mean loss: 0.001417
  epoch 10, test cost of best model 0.001541
epoch 10 took 11 sec
train mean loss: 0.001554
valid mean loss: 0.002273
epoch 11 took 10 sec
train mean loss: 0.001546
valid mean loss: 0.001405
  epoch 12, test cost of best model 0.001530
epoch 12 took 11 sec
train mean loss: 0.001542
valid mean loss: 0.001396
  epoch 13, test cost of best model 0.001520
epoch 13 took 11 sec
train mean loss: 0.001518
valid mean loss: 0.001386
  epoch 14, test cost of best model 0.001511
epoch 14 took 12 sec
train mean loss: 0.001569
valid mean loss: 0.001380
  epoch 15, test cost of best model 0.001503
epoch 15 took 11 sec
train mean loss: 0.001499
valid mean loss: 0.001389
epoch 16 took 11 sec
train mean loss: 0.001500
valid mean loss: 0.001371
  epoch 17, test cost of best model 0.001495
epoch 17 took 11 sec
train mean loss: 0.001507
valid mean loss: 0.001367
  epoch 18, test cost of best model 0.001491
epoch 18 took 11 sec
train mean loss: 0.001508
valid mean loss: 0.001364
  epoch 19, test cost of best model 0.001489
epoch 19 took 12 sec
train mean loss: 0.001497
valid mean loss: 0.001526
epoch 20 took 11 sec
train mean loss: 0.001493
valid mean loss: 0.001373
epoch 21 took 11 sec
train mean loss: 0.001492
valid mean loss: 0.001372
epoch 22 took 11 sec
train mean loss: 0.001478
valid mean loss: 0.001343
  epoch 23, test cost of best model 0.001466
epoch 23 took 11 sec
train mean loss: 0.001472
valid mean loss: 0.001379
epoch 24 took 11 sec
train mean loss: 0.001476
valid mean loss: 0.001375
epoch 25 took 11 sec
train mean loss: 0.001469
valid mean loss: 0.001350
epoch 26 took 11 sec
train mean loss: 0.001470
valid mean loss: 0.001327
  epoch 27, test cost of best model 0.001448
epoch 27 took 11 sec
train mean loss: 0.001463
valid mean loss: 0.001326
  epoch 28, test cost of best model 0.001450
epoch 28 took 11 sec
train mean loss: 0.001461
valid mean loss: 0.001328
epoch 29 took 11 sec
train mean loss: 0.001453
valid mean loss: 0.001330
epoch 30 took 11 sec
train mean loss: 0.001451
valid mean loss: 0.001341
epoch 31 took 11 sec
train mean loss: 0.001459
valid mean loss: 0.001315
  epoch 32, test cost of best model 0.001441
epoch 32 took 11 sec
train mean loss: 0.001442
valid mean loss: 0.001320
epoch 33 took 11 sec
train mean loss: 0.001462
valid mean loss: 0.001422
epoch 34 took 11 sec
train mean loss: 0.001435
valid mean loss: 0.001310
  epoch 35, test cost of best model 0.001434
epoch 35 took 11 sec
train mean loss: 0.001433
valid mean loss: 0.001307
  epoch 36, test cost of best model 0.001429
epoch 36 took 11 sec
train mean loss: 0.001436
valid mean loss: 0.001308
epoch 37 took 11 sec
train mean loss: 0.001446
valid mean loss: 0.001309
epoch 38 took 11 sec
train mean loss: 0.001429
valid mean loss: 0.001433
epoch 39 took 11 sec
train mean loss: 0.001440
valid mean loss: 0.001310
epoch 40 took 11 sec
train mean loss: 0.001420
valid mean loss: 0.001364
epoch 41 took 11 sec
train mean loss: 0.001436
valid mean loss: 0.001292
  epoch 42, test cost of best model 0.001415
epoch 42 took 11 sec
train mean loss: 0.001421
valid mean loss: 0.001304
epoch 43 took 11 sec
train mean loss: 0.001422
valid mean loss: 0.001301
epoch 44 took 11 sec
train mean loss: 0.001426
valid mean loss: 0.001312
epoch 45 took 11 sec
train mean loss: 0.001432
valid mean loss: 0.001286
  epoch 46, test cost of best model 0.001407
epoch 46 took 12 sec
train mean loss: 0.001408
valid mean loss: 0.001302
epoch 47 took 11 sec
train mean loss: 0.001422
valid mean loss: 0.001288
epoch 48 took 11 sec
train mean loss: 0.001408
valid mean loss: 0.001301
epoch 49 took 11 sec
train mean loss: 0.001409
valid mean loss: 0.001283
  epoch 50, test cost of best model 0.001405
epoch 50 took 12 sec
train mean loss: 0.001415
valid mean loss: 0.001292
epoch 51 took 11 sec
train mean loss: 0.001403
valid mean loss: 0.001283
  epoch 52, test cost of best model 0.001404
epoch 52 took 11 sec
train mean loss: 0.001404
valid mean loss: 0.001278
  epoch 53, test cost of best model 0.001400
epoch 53 took 11 sec
train mean loss: 0.001415
valid mean loss: 0.001392
epoch 54 took 11 sec
train mean loss: 0.001409
valid mean loss: 0.001432
epoch 55 took 11 sec
train mean loss: 0.001398
valid mean loss: 0.001296
epoch 56 took 11 sec
train mean loss: 0.001397
valid mean loss: 0.001353
epoch 57 took 11 sec
train mean loss: 0.001398
valid mean loss: 0.001274
  epoch 58, test cost of best model 0.001395
epoch 58 took 11 sec
train mean loss: 0.001397
valid mean loss: 0.001276
epoch 59 took 11 sec
train mean loss: 0.001392
valid mean loss: 0.001367
epoch 60 took 11 sec
train mean loss: 0.001396
valid mean loss: 0.001273
  epoch 61, test cost of best model 0.001394
epoch 61 took 11 sec
train mean loss: 0.001392
valid mean loss: 0.001303
epoch 62 took 11 sec
train mean loss: 0.001396
valid mean loss: 0.001363
epoch 63 took 11 sec
train mean loss: 0.001387
valid mean loss: 0.001267
  epoch 64, test cost of best model 0.001389
epoch 64 took 11 sec
train mean loss: 0.001388
valid mean loss: 0.001276
epoch 65 took 11 sec
train mean loss: 0.001384
valid mean loss: 0.001275
epoch 66 took 11 sec
train mean loss: 0.001393
valid mean loss: 0.001267
  epoch 67, test cost of best model 0.001387
epoch 67 took 11 sec
train mean loss: 0.001380
valid mean loss: 0.001273
epoch 68 took 11 sec
train mean loss: 0.001384
valid mean loss: 0.001270
epoch 69 took 11 sec
train mean loss: 0.001386
valid mean loss: 0.001266
  epoch 70, test cost of best model 0.001388
epoch 70 took 12 sec
train mean loss: 0.001379
valid mean loss: 0.001275
epoch 71 took 11 sec
train mean loss: 0.001376
valid mean loss: 0.001272
epoch 72 took 11 sec
train mean loss: 0.001384
valid mean loss: 0.001257
  epoch 73, test cost of best model 0.001377
epoch 73 took 12 sec
train mean loss: 0.001379
valid mean loss: 0.001261
epoch 74 took 11 sec
train mean loss: 0.001394
valid mean loss: 0.001265
epoch 75 took 11 sec
train mean loss: 0.001365
valid mean loss: 0.001258
epoch 76 took 11 sec
train mean loss: 0.001369
valid mean loss: 0.001256
  epoch 77, test cost of best model 0.001378
epoch 77 took 11 sec
train mean loss: 0.001381
valid mean loss: 0.001257
epoch 78 took 11 sec
train mean loss: 0.001363
valid mean loss: 0.001253
  epoch 79, test cost of best model 0.001374
epoch 79 took 12 sec
train mean loss: 0.001366
valid mean loss: 0.001260
epoch 80 took 11 sec
train mean loss: 0.001380
valid mean loss: 0.001252
  epoch 81, test cost of best model 0.001370
epoch 81 took 11 sec
train mean loss: 0.001362
valid mean loss: 0.001277
epoch 82 took 11 sec
train mean loss: 0.001363
valid mean loss: 0.001279
epoch 83 took 11 sec
train mean loss: 0.001368
valid mean loss: 0.001263
epoch 84 took 11 sec
train mean loss: 0.001387
valid mean loss: 0.001254
epoch 85 took 11 sec
train mean loss: 0.001355
valid mean loss: 0.001254
epoch 86 took 11 sec
train mean loss: 0.001365
valid mean loss: 0.001248
  epoch 87, test cost of best model 0.001364
epoch 87 took 11 sec
train mean loss: 0.001358
valid mean loss: 0.001253
epoch 88 took 11 sec
train mean loss: 0.001360
valid mean loss: 0.001253
epoch 89 took 11 sec
train mean loss: 0.001358
valid mean loss: 0.001268
epoch 90 took 11 sec
train mean loss: 0.001366
valid mean loss: 0.001254
epoch 91 took 11 sec
train mean loss: 0.001367
valid mean loss: 0.001245
  epoch 92, test cost of best model 0.001363
epoch 92 took 12 sec
train mean loss: 0.001357
valid mean loss: 0.001250
epoch 93 took 11 sec
train mean loss: 0.001354
valid mean loss: 0.001272
epoch 94 took 11 sec
train mean loss: 0.001356
valid mean loss: 0.001265
epoch 95 took 11 sec
train mean loss: 0.001356
valid mean loss: 0.001244
  epoch 96, test cost of best model 0.001361
epoch 96 took 11 sec
train mean loss: 0.001355
valid mean loss: 0.001344
epoch 97 took 11 sec
train mean loss: 0.001349
valid mean loss: 0.001277
epoch 98 took 11 sec
train mean loss: 0.001353
valid mean loss: 0.001260
epoch 99 took 11 sec
train mean loss: 0.001354
valid mean loss: 0.001246
epoch 100 took 11 sec
train mean loss: 0.001370
valid mean loss: 0.001241
  epoch 101, test cost of best model 0.001358
epoch 101 took 11 sec
train mean loss: 0.001343
valid mean loss: 0.001251
epoch 102 took 11 sec
train mean loss: 0.001350
valid mean loss: 0.001242
epoch 103 took 11 sec
train mean loss: 0.001347
valid mean loss: 0.001253
epoch 104 took 11 sec
train mean loss: 0.001344
valid mean loss: 0.001245
epoch 105 took 11 sec
train mean loss: 0.001352
valid mean loss: 0.001254
epoch 106 took 11 sec
train mean loss: 0.001342
valid mean loss: 0.001246
epoch 107 took 11 sec
train mean loss: 0.001340
valid mean loss: 0.001241
  epoch 108, test cost of best model 0.001355
epoch 108 took 11 sec
train mean loss: 0.001356
valid mean loss: 0.001278
epoch 109 took 11 sec
train mean loss: 0.001342
valid mean loss: 0.001238
  epoch 110, test cost of best model 0.001355
epoch 110 took 11 sec
train mean loss: 0.001344
valid mean loss: 0.001255
epoch 111 took 11 sec
train mean loss: 0.001346
valid mean loss: 0.001238
  epoch 112, test cost of best model 0.001353
epoch 112 took 11 sec
train mean loss: 0.001337
valid mean loss: 0.001243
epoch 113 took 11 sec
train mean loss: 0.001340
valid mean loss: 0.001258
epoch 114 took 11 sec
train mean loss: 0.001338
valid mean loss: 0.001240
epoch 115 took 11 sec
train mean loss: 0.001347
valid mean loss: 0.001236
  epoch 116, test cost of best model 0.001352
epoch 116 took 11 sec
train mean loss: 0.001331
valid mean loss: 0.001244
epoch 117 took 11 sec
train mean loss: 0.001335
valid mean loss: 0.001240
epoch 118 took 11 sec
train mean loss: 0.001338
valid mean loss: 0.001238
epoch 119 took 11 sec
train mean loss: 0.001332
valid mean loss: 0.001265
epoch 120 took 11 sec
train mean loss: 0.001376
valid mean loss: 0.001233
  epoch 121, test cost of best model 0.001348
epoch 121 took 11 sec
train mean loss: 0.001326
valid mean loss: 0.001234
epoch 122 took 11 sec
train mean loss: 0.001330
valid mean loss: 0.001234
epoch 123 took 11 sec
train mean loss: 0.001332
valid mean loss: 0.001243
epoch 124 took 11 sec
train mean loss: 0.001334
valid mean loss: 0.001239
epoch 125 took 11 sec
train mean loss: 0.001341
valid mean loss: 0.001240
epoch 126 took 11 sec
train mean loss: 0.001325
valid mean loss: 0.001278
epoch 127 took 11 sec
train mean loss: 0.001330
valid mean loss: 0.001234
epoch 128 took 11 sec
train mean loss: 0.001331
valid mean loss: 0.001260
epoch 129 took 11 sec
train mean loss: 0.001326
valid mean loss: 0.001237
epoch 130 took 11 sec
train mean loss: 0.001329
valid mean loss: 0.001256
epoch 131 took 11 sec
train mean loss: 0.001328
valid mean loss: 0.001241
epoch 132 took 11 sec
train mean loss: 0.001324
valid mean loss: 0.001233
  epoch 133, test cost of best model 0.001345
epoch 133 took 11 sec
train mean loss: 0.001327
valid mean loss: 0.001237
epoch 134 took 11 sec
train mean loss: 0.001325
valid mean loss: 0.001234
epoch 135 took 11 sec
train mean loss: 0.001329
valid mean loss: 0.001230
  epoch 136, test cost of best model 0.001346
epoch 136 took 11 sec
train mean loss: 0.001322
valid mean loss: 0.001233
epoch 137 took 11 sec
train mean loss: 0.001324
valid mean loss: 0.001234
epoch 138 took 11 sec
train mean loss: 0.001323
valid mean loss: 0.001230
epoch 139 took 11 sec
train mean loss: 0.001328
valid mean loss: 0.001233
epoch 140 took 11 sec
train mean loss: 0.001317
valid mean loss: 0.001236
epoch 141 took 11 sec
train mean loss: 0.001320
valid mean loss: 0.001229
  epoch 142, test cost of best model 0.001345
epoch 142 took 11 sec
train mean loss: 0.001319
valid mean loss: 0.001235
epoch 143 took 11 sec
train mean loss: 0.001319
valid mean loss: 0.001225
  epoch 144, test cost of best model 0.001340
epoch 144 took 11 sec
train mean loss: 0.001317
valid mean loss: 0.001242
epoch 145 took 11 sec
train mean loss: 0.001320
valid mean loss: 0.001248
epoch 146 took 11 sec
train mean loss: 0.001317
valid mean loss: 0.001272
epoch 147 took 11 sec
train mean loss: 0.001317
valid mean loss: 0.001227
epoch 148 took 11 sec
train mean loss: 0.001316
valid mean loss: 0.001227
epoch 149 took 11 sec
train mean loss: 0.001317
valid mean loss: 0.001228
epoch 150 took 11 sec
train mean loss: 0.001315
valid mean loss: 0.001228
epoch 151 took 11 sec
train mean loss: 0.001313
valid mean loss: 0.001245
epoch 152 took 11 sec
train mean loss: 0.001312
valid mean loss: 0.001228
epoch 153 took 11 sec
train mean loss: 0.001310
valid mean loss: 0.001230
epoch 154 took 11 sec
train mean loss: 0.001317
valid mean loss: 0.001225
  epoch 155, test cost of best model 0.001341
epoch 155 took 11 sec
train mean loss: 0.001311
valid mean loss: 0.001246
epoch 156 took 11 sec
train mean loss: 0.001308
valid mean loss: 0.001242
epoch 157 took 11 sec
train mean loss: 0.001319
valid mean loss: 0.001225
epoch 158 took 11 sec
train mean loss: 0.001305
valid mean loss: 0.001233
epoch 159 took 11 sec
train mean loss: 0.001313
valid mean loss: 0.001223
  epoch 160, test cost of best model 0.001336
epoch 160 took 11 sec
train mean loss: 0.001305
valid mean loss: 0.001237
epoch 161 took 11 sec
train mean loss: 0.001310
valid mean loss: 0.001229
epoch 162 took 11 sec
train mean loss: 0.001307
valid mean loss: 0.001235
epoch 163 took 11 sec
train mean loss: 0.001305
valid mean loss: 0.001232
epoch 164 took 11 sec
train mean loss: 0.001309
valid mean loss: 0.001250
epoch 165 took 11 sec
train mean loss: 0.001305
valid mean loss: 0.001225
epoch 166 took 11 sec
train mean loss: 0.001307
valid mean loss: 0.001233
epoch 167 took 11 sec
train mean loss: 0.001307
valid mean loss: 0.001226
epoch 168 took 11 sec
train mean loss: 0.001301
valid mean loss: 0.001230
epoch 169 took 11 sec
train mean loss: 0.001314
valid mean loss: 0.001233
epoch 170 took 11 sec
train mean loss: 0.001298
valid mean loss: 0.001221
  epoch 171, test cost of best model 0.001335
epoch 171 took 11 sec
train mean loss: 0.001302
valid mean loss: 0.001224
epoch 172 took 11 sec
train mean loss: 0.001300
valid mean loss: 0.001240
epoch 173 took 11 sec
train mean loss: 0.001301
valid mean loss: 0.001227
epoch 174 took 11 sec
train mean loss: 0.001303
valid mean loss: 0.001224
epoch 175 took 11 sec
train mean loss: 0.001296
valid mean loss: 0.001241
epoch 176 took 11 sec
train mean loss: 0.001301
valid mean loss: 0.001235
epoch 177 took 11 sec
train mean loss: 0.001298
valid mean loss: 0.001231
epoch 178 took 11 sec
train mean loss: 0.001302
valid mean loss: 0.001220
  epoch 179, test cost of best model 0.001334
epoch 179 took 11 sec
train mean loss: 0.001298
valid mean loss: 0.001226
epoch 180 took 11 sec
train mean loss: 0.001296
valid mean loss: 0.001232
epoch 181 took 11 sec
train mean loss: 0.001297
valid mean loss: 0.001221
epoch 182 took 11 sec
train mean loss: 0.001293
valid mean loss: 0.001228
epoch 183 took 11 sec
train mean loss: 0.001292
valid mean loss: 0.001242
epoch 184 took 11 sec
train mean loss: 0.001293
valid mean loss: 0.001223
epoch 185 took 11 sec
train mean loss: 0.001294
valid mean loss: 0.001224
epoch 186 took 11 sec
train mean loss: 0.001296
valid mean loss: 0.001228
epoch 187 took 11 sec
train mean loss: 0.001292
valid mean loss: 0.001232
epoch 188 took 11 sec
train mean loss: 0.001292
valid mean loss: 0.001247
epoch 189 took 11 sec
train mean loss: 0.001292
valid mean loss: 0.001219
  epoch 190, test cost of best model 0.001334
epoch 190 took 12 sec
train mean loss: 0.001299
valid mean loss: 0.001218
  epoch 191, test cost of best model 0.001333
epoch 191 took 11 sec
train mean loss: 0.001284
valid mean loss: 0.001225
epoch 192 took 11 sec
train mean loss: 0.001287
valid mean loss: 0.001221
epoch 193 took 11 sec
train mean loss: 0.001290
valid mean loss: 0.001223
epoch 194 took 11 sec
train mean loss: 0.001291
valid mean loss: 0.001223
epoch 195 took 11 sec
train mean loss: 0.001293
valid mean loss: 0.001227
epoch 196 took 11 sec
train mean loss: 0.001285
valid mean loss: 0.001230
epoch 197 took 11 sec
train mean loss: 0.001288
valid mean loss: 0.001233
epoch 198 took 11 sec
train mean loss: 0.001290
valid mean loss: 0.001236
epoch 199 took 11 sec
train mean loss: 0.001282
valid mean loss: 0.001226
epoch 200 took 11 sec
train mean loss: 0.001284
valid mean loss: 0.001232
epoch 201 took 11 sec
train mean loss: 0.001284
valid mean loss: 0.001265
epoch 202 took 11 sec
train mean loss: 0.001281
valid mean loss: 0.001243
epoch 203 took 11 sec
train mean loss: 0.001283
valid mean loss: 0.001239
epoch 204 took 11 sec
train mean loss: 0.001282
valid mean loss: 0.001224
epoch 205 took 11 sec
train mean loss: 0.001286
valid mean loss: 0.001228
epoch 206 took 11 sec
train mean loss: 0.001277
valid mean loss: 0.001223
epoch 207 took 11 sec
train mean loss: 0.001280
valid mean loss: 0.001222
epoch 208 took 11 sec
train mean loss: 0.001279
valid mean loss: 0.001226
epoch 209 took 11 sec
train mean loss: 0.001279
valid mean loss: 0.001223
epoch 210 took 11 sec
train mean loss: 0.001278
valid mean loss: 0.001225
epoch 211 took 11 sec
train mean loss: 0.001279
valid mean loss: 0.001235
epoch 212 took 11 sec
train mean loss: 0.001285
valid mean loss: 0.001219
epoch 213 took 11 sec
train mean loss: 0.001271
valid mean loss: 0.001223
epoch 214 took 11 sec
train mean loss: 0.001279
valid mean loss: 0.001223
epoch 215 took 11 sec
train mean loss: 0.001272
valid mean loss: 0.001233
epoch 216 took 11 sec
train mean loss: 0.001274
valid mean loss: 0.001282
epoch 217 took 11 sec
train mean loss: 0.001285
valid mean loss: 0.001251
epoch 218 took 11 sec
train mean loss: 0.001273
valid mean loss: 0.001224
epoch 219 took 11 sec
train mean loss: 0.001273
valid mean loss: 0.001226
epoch 220 took 11 sec
train mean loss: 0.001271
valid mean loss: 0.001219
epoch 221 took 11 sec
train mean loss: 0.001269
valid mean loss: 0.001221
epoch 222 took 11 sec
train mean loss: 0.001271
valid mean loss: 0.001219
epoch 223 took 11 sec
train mean loss: 0.001274
valid mean loss: 0.001220
epoch 224 took 11 sec
train mean loss: 0.001268
valid mean loss: 0.001222
epoch 225 took 11 sec
train mean loss: 0.001272
valid mean loss: 0.001268
epoch 226 took 11 sec
train mean loss: 0.001270
valid mean loss: 0.001235
epoch 227 took 11 sec
train mean loss: 0.001270
valid mean loss: 0.001299
epoch 228 took 11 sec
train mean loss: 0.001267
valid mean loss: 0.001224
epoch 229 took 11 sec
train mean loss: 0.001271
valid mean loss: 0.001227
epoch 230 took 11 sec
train mean loss: 0.001263
valid mean loss: 0.001250
epoch 231 took 11 sec
train mean loss: 0.001266
valid mean loss: 0.001219
epoch 232 took 11 sec
train mean loss: 0.001269
valid mean loss: 0.001235
epoch 233 took 11 sec
train mean loss: 0.001262
valid mean loss: 0.001219
epoch 234 took 11 sec
train mean loss: 0.001264
valid mean loss: 0.001222
epoch 235 took 11 sec
train mean loss: 0.001263
valid mean loss: 0.001218
epoch 236 took 11 sec
train mean loss: 0.001262
valid mean loss: 0.001219
epoch 237 took 11 sec
train mean loss: 0.001262
valid mean loss: 0.001238
epoch 238 took 11 sec
train mean loss: 0.001269
valid mean loss: 0.001227
epoch 239 took 11 sec
train mean loss: 0.001266
valid mean loss: 0.001231
epoch 240 took 11 sec
train mean loss: 0.001262
valid mean loss: 0.001235
epoch 241 took 11 sec
train mean loss: 0.001263
valid mean loss: 0.001230
epoch 242 took 11 sec
train mean loss: 0.001258
valid mean loss: 0.001219
epoch 243 took 11 sec
train mean loss: 0.001255
valid mean loss: 0.001257
epoch 244 took 11 sec
train mean loss: 0.001257
valid mean loss: 0.001232
epoch 245 took 11 sec
train mean loss: 0.001263
valid mean loss: 0.001261
epoch 246 took 11 sec
train mean loss: 0.001253
valid mean loss: 0.001226
epoch 247 took 11 sec
train mean loss: 0.001255
valid mean loss: 0.001238
epoch 248 took 11 sec
train mean loss: 0.001260
valid mean loss: 0.001217
  epoch 249, test cost of best model 0.001329
epoch 249 took 11 sec
train mean loss: 0.001254
valid mean loss: 0.001236
epoch 250 took 11 sec
train mean loss: 0.001257
valid mean loss: 0.001262
epoch 251 took 11 sec
train mean loss: 0.001253
valid mean loss: 0.001229
epoch 252 took 11 sec
train mean loss: 0.001252
valid mean loss: 0.001225
epoch 253 took 11 sec
train mean loss: 0.001253
valid mean loss: 0.001229
epoch 254 took 11 sec
train mean loss: 0.001253
valid mean loss: 0.001228
epoch 255 took 11 sec
train mean loss: 0.001253
valid mean loss: 0.001220
epoch 256 took 11 sec
train mean loss: 0.001253
valid mean loss: 0.001221
epoch 257 took 11 sec
train mean loss: 0.001247
valid mean loss: 0.001234
epoch 258 took 11 sec
train mean loss: 0.001252
valid mean loss: 0.001241
epoch 259 took 11 sec
train mean loss: 0.001254
valid mean loss: 0.001222
epoch 260 took 11 sec
train mean loss: 0.001247
valid mean loss: 0.001223
epoch 261 took 11 sec
train mean loss: 0.001248
valid mean loss: 0.001233
epoch 262 took 11 sec
train mean loss: 0.001258
valid mean loss: 0.001225
epoch 263 took 11 sec
train mean loss: 0.001242
valid mean loss: 0.001223
epoch 264 took 11 sec
train mean loss: 0.001244
valid mean loss: 0.001233
epoch 265 took 11 sec
train mean loss: 0.001248
valid mean loss: 0.001230
epoch 266 took 11 sec
train mean loss: 0.001250
valid mean loss: 0.001435
epoch 267 took 11 sec
train mean loss: 0.001245
valid mean loss: 0.001223
epoch 268 took 11 sec
train mean loss: 0.001241
valid mean loss: 0.001222
epoch 269 took 11 sec
train mean loss: 0.001243
valid mean loss: 0.001225
epoch 270 took 11 sec
train mean loss: 0.001245
valid mean loss: 0.001224
epoch 271 took 11 sec
train mean loss: 0.001263
valid mean loss: 0.001232
epoch 272 took 11 sec
train mean loss: 0.001238
valid mean loss: 0.001228
epoch 273 took 11 sec
train mean loss: 0.001238
valid mean loss: 0.001262
epoch 274 took 11 sec
train mean loss: 0.001239
valid mean loss: 0.001221
epoch 275 took 11 sec
train mean loss: 0.001241
valid mean loss: 0.001228
epoch 276 took 11 sec
train mean loss: 0.001240
valid mean loss: 0.001239
epoch 277 took 11 sec
train mean loss: 0.001240
valid mean loss: 0.001223
epoch 278 took 11 sec
train mean loss: 0.001243
valid mean loss: 0.001247
epoch 279 took 11 sec
train mean loss: 0.001243
valid mean loss: 0.001237
epoch 280 took 11 sec
train mean loss: 0.001234
valid mean loss: 0.001244
epoch 281 took 11 sec
train mean loss: 0.001235
valid mean loss: 0.001218
epoch 282 took 11 sec
train mean loss: 0.001242
valid mean loss: 0.001228
epoch 283 took 11 sec
train mean loss: 0.001232
valid mean loss: 0.001254
epoch 284 took 11 sec
train mean loss: 0.001237
valid mean loss: 0.001252
epoch 285 took 11 sec
train mean loss: 0.001236
valid mean loss: 0.001230
epoch 286 took 11 sec
train mean loss: 0.001234
valid mean loss: 0.001224
epoch 287 took 11 sec
train mean loss: 0.001248
valid mean loss: 0.001235
total training time took 3296 sec
