-------- training parameter --------
GPU ID        : 0
archtecture   : basic_cnn_tail
batch size    : 5
epoch         : 1000
color scheme  : rgb
size          : 64
------------------------------------

train mean loss: 0.031080
valid mean loss: 0.014804
  epoch 1, test cost of best model 0.013895
epoch 1 took 11 sec
train mean loss: 0.007020
valid mean loss: 0.004904
  epoch 2, test cost of best model 0.004703
epoch 2 took 11 sec
train mean loss: 0.004249
valid mean loss: 0.003868
  epoch 3, test cost of best model 0.003720
epoch 3 took 11 sec
train mean loss: 0.003751
valid mean loss: 0.003560
  epoch 4, test cost of best model 0.003445
epoch 4 took 11 sec
train mean loss: 0.002896
valid mean loss: 0.001889
  epoch 5, test cost of best model 0.001975
epoch 5 took 11 sec
train mean loss: 0.001976
valid mean loss: 0.001796
  epoch 6, test cost of best model 0.001893
epoch 6 took 11 sec
train mean loss: 0.001907
valid mean loss: 0.001759
  epoch 7, test cost of best model 0.001858
epoch 7 took 11 sec
train mean loss: 0.001866
valid mean loss: 0.001728
  epoch 8, test cost of best model 0.001828
epoch 8 took 11 sec
train mean loss: 0.001835
valid mean loss: 0.001691
  epoch 9, test cost of best model 0.001794
epoch 9 took 11 sec
train mean loss: 0.001808
valid mean loss: 0.001658
  epoch 10, test cost of best model 0.001761
epoch 10 took 11 sec
train mean loss: 0.001782
valid mean loss: 0.001631
  epoch 11, test cost of best model 0.001738
epoch 11 took 11 sec
train mean loss: 0.001776
valid mean loss: 0.001738
epoch 12 took 11 sec
train mean loss: 0.001750
valid mean loss: 0.001630
  epoch 13, test cost of best model 0.001738
epoch 13 took 11 sec
train mean loss: 0.001729
valid mean loss: 0.001582
  epoch 14, test cost of best model 0.001691
epoch 14 took 11 sec
train mean loss: 0.001728
valid mean loss: 0.001586
epoch 15 took 11 sec
train mean loss: 0.001695
valid mean loss: 0.001608
epoch 16 took 11 sec
train mean loss: 0.001686
valid mean loss: 0.001560
  epoch 17, test cost of best model 0.001671
epoch 17 took 11 sec
train mean loss: 0.001665
valid mean loss: 0.001614
epoch 18 took 11 sec
train mean loss: 0.001651
valid mean loss: 0.001514
  epoch 19, test cost of best model 0.001627
epoch 19 took 11 sec
train mean loss: 0.001644
valid mean loss: 0.001536
epoch 20 took 11 sec
train mean loss: 0.001633
valid mean loss: 0.001506
  epoch 21, test cost of best model 0.001620
epoch 21 took 12 sec
train mean loss: 0.001612
valid mean loss: 0.001465
  epoch 22, test cost of best model 0.001580
epoch 22 took 11 sec
train mean loss: 0.001596
valid mean loss: 0.001467
epoch 23 took 11 sec
train mean loss: 0.001607
valid mean loss: 0.001534
epoch 24 took 11 sec
train mean loss: 0.001627
valid mean loss: 0.001474
epoch 25 took 11 sec
train mean loss: 0.001571
valid mean loss: 0.001435
  epoch 26, test cost of best model 0.001552
epoch 26 took 11 sec
train mean loss: 0.001569
valid mean loss: 0.001446
epoch 27 took 11 sec
train mean loss: 0.001585
valid mean loss: 0.001435
epoch 28 took 11 sec
train mean loss: 0.001565
valid mean loss: 0.001418
  epoch 29, test cost of best model 0.001536
epoch 29 took 11 sec
train mean loss: 0.001563
valid mean loss: 0.001427
epoch 30 took 11 sec
train mean loss: 0.001576
valid mean loss: 0.001410
  epoch 31, test cost of best model 0.001525
epoch 31 took 12 sec
train mean loss: 0.001541
valid mean loss: 0.001435
epoch 32 took 11 sec
train mean loss: 0.001540
valid mean loss: 0.001405
  epoch 33, test cost of best model 0.001521
epoch 33 took 11 sec
train mean loss: 0.001548
valid mean loss: 0.001403
  epoch 34, test cost of best model 0.001521
epoch 34 took 12 sec
train mean loss: 0.001546
valid mean loss: 0.001400
  epoch 35, test cost of best model 0.001519
epoch 35 took 12 sec
train mean loss: 0.001547
valid mean loss: 0.001402
epoch 36 took 11 sec
train mean loss: 0.001527
valid mean loss: 0.001396
  epoch 37, test cost of best model 0.001511
epoch 37 took 11 sec
train mean loss: 0.001529
valid mean loss: 0.001405
epoch 38 took 11 sec
train mean loss: 0.001556
valid mean loss: 0.001384
  epoch 39, test cost of best model 0.001501
epoch 39 took 11 sec
train mean loss: 0.001504
valid mean loss: 0.001394
epoch 40 took 11 sec
train mean loss: 0.001512
valid mean loss: 0.001385
epoch 41 took 11 sec
train mean loss: 0.001523
valid mean loss: 0.001410
epoch 42 took 11 sec
train mean loss: 0.001520
valid mean loss: 0.001369
  epoch 43, test cost of best model 0.001486
epoch 43 took 11 sec
train mean loss: 0.001504
valid mean loss: 0.001421
epoch 44 took 11 sec
train mean loss: 0.001505
valid mean loss: 0.001369
  epoch 45, test cost of best model 0.001485
epoch 45 took 11 sec
train mean loss: 0.001509
valid mean loss: 0.001369
epoch 46 took 11 sec
train mean loss: 0.001502
valid mean loss: 0.001366
  epoch 47, test cost of best model 0.001484
epoch 47 took 11 sec
train mean loss: 0.001499
valid mean loss: 0.001363
  epoch 48, test cost of best model 0.001482
epoch 48 took 11 sec
train mean loss: 0.001497
valid mean loss: 0.001383
epoch 49 took 11 sec
train mean loss: 0.001489
valid mean loss: 0.001361
  epoch 50, test cost of best model 0.001478
epoch 50 took 11 sec
train mean loss: 0.001497
valid mean loss: 0.001382
epoch 51 took 11 sec
train mean loss: 0.001499
valid mean loss: 0.001359
  epoch 52, test cost of best model 0.001478
epoch 52 took 11 sec
train mean loss: 0.001479
valid mean loss: 0.001356
  epoch 53, test cost of best model 0.001477
epoch 53 took 11 sec
train mean loss: 0.001486
valid mean loss: 0.001387
epoch 54 took 11 sec
train mean loss: 0.001488
valid mean loss: 0.001355
  epoch 55, test cost of best model 0.001473
epoch 55 took 11 sec
train mean loss: 0.001480
valid mean loss: 0.001344
  epoch 56, test cost of best model 0.001463
epoch 56 took 11 sec
train mean loss: 0.001478
valid mean loss: 0.001346
epoch 57 took 11 sec
train mean loss: 0.001475
valid mean loss: 0.001359
epoch 58 took 11 sec
train mean loss: 0.001494
valid mean loss: 0.001395
epoch 59 took 11 sec
train mean loss: 0.001474
valid mean loss: 0.001339
  epoch 60, test cost of best model 0.001458
epoch 60 took 11 sec
train mean loss: 0.001480
valid mean loss: 0.001354
epoch 61 took 11 sec
train mean loss: 0.001465
valid mean loss: 0.001334
  epoch 62, test cost of best model 0.001452
epoch 62 took 11 sec
train mean loss: 0.001473
valid mean loss: 0.001337
epoch 63 took 11 sec
train mean loss: 0.001468
valid mean loss: 0.001649
epoch 64 took 11 sec
train mean loss: 0.001456
valid mean loss: 0.001337
epoch 65 took 11 sec
train mean loss: 0.001477
valid mean loss: 0.001367
epoch 66 took 11 sec
train mean loss: 0.001472
valid mean loss: 0.001335
epoch 67 took 11 sec
train mean loss: 0.001452
valid mean loss: 0.001398
epoch 68 took 11 sec
train mean loss: 0.001463
valid mean loss: 0.001352
epoch 69 took 11 sec
train mean loss: 0.001449
valid mean loss: 0.001331
  epoch 70, test cost of best model 0.001453
epoch 70 took 12 sec
train mean loss: 0.001477
valid mean loss: 0.001325
  epoch 71, test cost of best model 0.001443
epoch 71 took 11 sec
train mean loss: 0.001463
valid mean loss: 0.001365
epoch 72 took 10 sec
train mean loss: 0.001440
valid mean loss: 0.001350
epoch 73 took 11 sec
train mean loss: 0.001448
valid mean loss: 0.001365
epoch 74 took 11 sec
train mean loss: 0.001454
valid mean loss: 0.001330
epoch 75 took 11 sec
train mean loss: 0.001445
valid mean loss: 0.001324
  epoch 76, test cost of best model 0.001441
epoch 76 took 11 sec
train mean loss: 0.001459
valid mean loss: 0.001315
  epoch 77, test cost of best model 0.001433
epoch 77 took 11 sec
train mean loss: 0.001442
valid mean loss: 0.001316
epoch 78 took 10 sec
train mean loss: 0.001458
valid mean loss: 0.001315
  epoch 79, test cost of best model 0.001434
epoch 79 took 11 sec
train mean loss: 0.001466
valid mean loss: 0.001434
epoch 80 took 11 sec
train mean loss: 0.001438
valid mean loss: 0.001334
epoch 81 took 10 sec
train mean loss: 0.001437
valid mean loss: 0.001353
epoch 82 took 11 sec
train mean loss: 0.001444
valid mean loss: 0.001318
epoch 83 took 10 sec
train mean loss: 0.001449
valid mean loss: 0.001305
  epoch 84, test cost of best model 0.001425
epoch 84 took 11 sec
train mean loss: 0.001445
valid mean loss: 0.001307
epoch 85 took 11 sec
train mean loss: 0.001433
valid mean loss: 0.001309
epoch 86 took 11 sec
train mean loss: 0.001431
valid mean loss: 0.001314
epoch 87 took 10 sec
train mean loss: 0.001433
valid mean loss: 0.001433
epoch 88 took 11 sec
train mean loss: 0.001444
valid mean loss: 0.001304
  epoch 89, test cost of best model 0.001422
epoch 89 took 11 sec
train mean loss: 0.001427
valid mean loss: 0.001303
  epoch 90, test cost of best model 0.001422
epoch 90 took 11 sec
train mean loss: 0.001426
valid mean loss: 0.001320
epoch 91 took 10 sec
train mean loss: 0.001429
valid mean loss: 0.001305
epoch 92 took 10 sec
train mean loss: 0.001438
valid mean loss: 0.001318
epoch 93 took 10 sec
train mean loss: 0.001437
valid mean loss: 0.001366
epoch 94 took 11 sec
train mean loss: 0.001419
valid mean loss: 0.001294
  epoch 95, test cost of best model 0.001415
epoch 95 took 11 sec
train mean loss: 0.001428
valid mean loss: 0.001311
epoch 96 took 11 sec
train mean loss: 0.001420
valid mean loss: 0.001311
epoch 97 took 11 sec
train mean loss: 0.001418
valid mean loss: 0.001299
epoch 98 took 11 sec
train mean loss: 0.001421
valid mean loss: 0.001301
epoch 99 took 11 sec
train mean loss: 0.001418
valid mean loss: 0.001301
epoch 100 took 11 sec
train mean loss: 0.001420
valid mean loss: 0.001316
epoch 101 took 11 sec
train mean loss: 0.001429
valid mean loss: 0.001298
epoch 102 took 11 sec
train mean loss: 0.001411
valid mean loss: 0.001301
epoch 103 took 11 sec
train mean loss: 0.001425
valid mean loss: 0.001291
  epoch 104, test cost of best model 0.001412
epoch 104 took 11 sec
train mean loss: 0.001415
valid mean loss: 0.001294
epoch 105 took 10 sec
train mean loss: 0.001412
valid mean loss: 0.001316
epoch 106 took 10 sec
train mean loss: 0.001407
valid mean loss: 0.001366
epoch 107 took 10 sec
train mean loss: 0.001418
valid mean loss: 0.001299
epoch 108 took 10 sec
train mean loss: 0.001415
valid mean loss: 0.001292
epoch 109 took 10 sec
train mean loss: 0.001406
valid mean loss: 0.001285
  epoch 110, test cost of best model 0.001406
epoch 110 took 11 sec
train mean loss: 0.001409
valid mean loss: 0.001362
epoch 111 took 10 sec
train mean loss: 0.001409
valid mean loss: 0.001287
epoch 112 took 10 sec
train mean loss: 0.001411
valid mean loss: 0.001298
epoch 113 took 10 sec
train mean loss: 0.001399
valid mean loss: 0.001291
epoch 114 took 10 sec
train mean loss: 0.001405
valid mean loss: 0.001297
epoch 115 took 10 sec
train mean loss: 0.001407
valid mean loss: 0.001321
epoch 116 took 10 sec
train mean loss: 0.001405
valid mean loss: 0.001278
  epoch 117, test cost of best model 0.001398
epoch 117 took 11 sec
train mean loss: 0.001404
valid mean loss: 0.001288
epoch 118 took 10 sec
train mean loss: 0.001395
valid mean loss: 0.001306
epoch 119 took 10 sec
train mean loss: 0.001426
valid mean loss: 0.001278
epoch 120 took 10 sec
train mean loss: 0.001392
valid mean loss: 0.001274
  epoch 121, test cost of best model 0.001393
epoch 121 took 11 sec
train mean loss: 0.001397
valid mean loss: 0.001309
epoch 122 took 11 sec
train mean loss: 0.001400
valid mean loss: 0.001277
epoch 123 took 10 sec
train mean loss: 0.001398
valid mean loss: 0.001288
epoch 124 took 11 sec
train mean loss: 0.001391
valid mean loss: 0.001273
  epoch 125, test cost of best model 0.001392
epoch 125 took 11 sec
train mean loss: 0.001407
valid mean loss: 0.001282
epoch 126 took 10 sec
train mean loss: 0.001386
valid mean loss: 0.001277
epoch 127 took 10 sec
train mean loss: 0.001400
valid mean loss: 0.001289
epoch 128 took 10 sec
train mean loss: 0.001398
valid mean loss: 0.001359
epoch 129 took 10 sec
train mean loss: 0.001390
valid mean loss: 0.001329
epoch 130 took 11 sec
train mean loss: 0.001389
valid mean loss: 0.001277
epoch 131 took 10 sec
train mean loss: 0.001390
valid mean loss: 0.001272
  epoch 132, test cost of best model 0.001392
epoch 132 took 11 sec
train mean loss: 0.001388
valid mean loss: 0.001287
epoch 133 took 10 sec
train mean loss: 0.001390
valid mean loss: 0.001288
epoch 134 took 10 sec
train mean loss: 0.001395
valid mean loss: 0.001305
epoch 135 took 10 sec
train mean loss: 0.001390
valid mean loss: 0.001287
epoch 136 took 10 sec
train mean loss: 0.001375
valid mean loss: 0.001282
epoch 137 took 10 sec
train mean loss: 0.001390
valid mean loss: 0.001276
epoch 138 took 10 sec
train mean loss: 0.001397
valid mean loss: 0.001275
epoch 139 took 10 sec
train mean loss: 0.001376
valid mean loss: 0.001300
epoch 140 took 10 sec
train mean loss: 0.001377
valid mean loss: 0.001282
epoch 141 took 10 sec
train mean loss: 0.001398
valid mean loss: 0.001271
  epoch 142, test cost of best model 0.001389
epoch 142 took 11 sec
train mean loss: 0.001377
valid mean loss: 0.001276
epoch 143 took 10 sec
train mean loss: 0.001378
valid mean loss: 0.001265
  epoch 144, test cost of best model 0.001384
epoch 144 took 11 sec
train mean loss: 0.001384
valid mean loss: 0.001280
epoch 145 took 10 sec
train mean loss: 0.001370
valid mean loss: 0.001286
epoch 146 took 10 sec
train mean loss: 0.001379
valid mean loss: 0.001271
epoch 147 took 10 sec
train mean loss: 0.001377
valid mean loss: 0.001280
epoch 148 took 10 sec
train mean loss: 0.001371
valid mean loss: 0.001451
epoch 149 took 10 sec
train mean loss: 0.001440
valid mean loss: 0.001262
  epoch 150, test cost of best model 0.001379
epoch 150 took 11 sec
train mean loss: 0.001365
valid mean loss: 0.001262
epoch 151 took 11 sec
train mean loss: 0.001370
valid mean loss: 0.001291
epoch 152 took 11 sec
train mean loss: 0.001374
valid mean loss: 0.001264
epoch 153 took 11 sec
train mean loss: 0.001391
valid mean loss: 0.001307
epoch 154 took 11 sec
train mean loss: 0.001364
valid mean loss: 0.001259
  epoch 155, test cost of best model 0.001380
epoch 155 took 11 sec
train mean loss: 0.001378
valid mean loss: 0.001254
  epoch 156, test cost of best model 0.001373
epoch 156 took 11 sec
train mean loss: 0.001373
valid mean loss: 0.001256
epoch 157 took 11 sec
train mean loss: 0.001367
valid mean loss: 0.001284
epoch 158 took 11 sec
train mean loss: 0.001374
valid mean loss: 0.001262
epoch 159 took 11 sec
train mean loss: 0.001365
valid mean loss: 0.001283
epoch 160 took 11 sec
train mean loss: 0.001364
valid mean loss: 0.001262
epoch 161 took 11 sec
train mean loss: 0.001372
valid mean loss: 0.001256
epoch 162 took 11 sec
train mean loss: 0.001370
valid mean loss: 0.001279
epoch 163 took 11 sec
train mean loss: 0.001368
valid mean loss: 0.001264
epoch 164 took 10 sec
train mean loss: 0.001364
valid mean loss: 0.001260
epoch 165 took 11 sec
train mean loss: 0.001362
valid mean loss: 0.001262
epoch 166 took 11 sec
train mean loss: 0.001363
valid mean loss: 0.001256
epoch 167 took 11 sec
train mean loss: 0.001367
valid mean loss: 0.001253
  epoch 168, test cost of best model 0.001371
epoch 168 took 11 sec
train mean loss: 0.001362
valid mean loss: 0.001262
epoch 169 took 10 sec
train mean loss: 0.001360
valid mean loss: 0.001263
epoch 170 took 10 sec
train mean loss: 0.001360
valid mean loss: 0.001250
  epoch 171, test cost of best model 0.001368
epoch 171 took 11 sec
train mean loss: 0.001365
valid mean loss: 0.001276
epoch 172 took 10 sec
train mean loss: 0.001363
valid mean loss: 0.001295
epoch 173 took 10 sec
train mean loss: 0.001352
valid mean loss: 0.001255
epoch 174 took 11 sec
train mean loss: 0.001360
valid mean loss: 0.001296
epoch 175 took 11 sec
train mean loss: 0.001359
valid mean loss: 0.001255
epoch 176 took 11 sec
train mean loss: 0.001360
valid mean loss: 0.001257
epoch 177 took 11 sec
train mean loss: 0.001355
valid mean loss: 0.001270
epoch 178 took 11 sec
train mean loss: 0.001354
valid mean loss: 0.001256
epoch 179 took 11 sec
train mean loss: 0.001361
valid mean loss: 0.001260
epoch 180 took 11 sec
train mean loss: 0.001349
valid mean loss: 0.001257
epoch 181 took 11 sec
train mean loss: 0.001359
valid mean loss: 0.001243
  epoch 182, test cost of best model 0.001363
epoch 182 took 11 sec
train mean loss: 0.001356
valid mean loss: 0.001288
epoch 183 took 10 sec
train mean loss: 0.001360
valid mean loss: 0.001296
epoch 184 took 10 sec
train mean loss: 0.001347
valid mean loss: 0.001256
epoch 185 took 10 sec
train mean loss: 0.001348
valid mean loss: 0.001261
epoch 186 took 11 sec
train mean loss: 0.001362
valid mean loss: 0.001251
epoch 187 took 11 sec
train mean loss: 0.001350
valid mean loss: 0.001708
epoch 188 took 11 sec
train mean loss: 0.001358
valid mean loss: 0.001250
epoch 189 took 11 sec
train mean loss: 0.001343
valid mean loss: 0.001260
epoch 190 took 11 sec
train mean loss: 0.001349
valid mean loss: 0.001255
epoch 191 took 11 sec
train mean loss: 0.001344
valid mean loss: 0.001268
epoch 192 took 11 sec
train mean loss: 0.001362
valid mean loss: 0.001273
epoch 193 took 11 sec
train mean loss: 0.001342
valid mean loss: 0.001250
epoch 194 took 11 sec
train mean loss: 0.001355
valid mean loss: 0.001260
epoch 195 took 11 sec
train mean loss: 0.001338
valid mean loss: 0.001273
epoch 196 took 11 sec
train mean loss: 0.001347
valid mean loss: 0.001275
epoch 197 took 10 sec
train mean loss: 0.001348
valid mean loss: 0.001275
epoch 198 took 11 sec
train mean loss: 0.001341
valid mean loss: 0.001245
epoch 199 took 10 sec
train mean loss: 0.001344
valid mean loss: 0.001243
  epoch 200, test cost of best model 0.001360
epoch 200 took 11 sec
train mean loss: 0.001342
valid mean loss: 0.001259
epoch 201 took 11 sec
train mean loss: 0.001340
valid mean loss: 0.001248
epoch 202 took 11 sec
train mean loss: 0.001350
valid mean loss: 0.001248
epoch 203 took 11 sec
train mean loss: 0.001339
valid mean loss: 0.001245
epoch 204 took 11 sec
train mean loss: 0.001355
valid mean loss: 0.001236
  epoch 205, test cost of best model 0.001357
epoch 205 took 11 sec
train mean loss: 0.001340
valid mean loss: 0.001239
epoch 206 took 10 sec
train mean loss: 0.001341
valid mean loss: 0.001238
epoch 207 took 11 sec
train mean loss: 0.001337
valid mean loss: 0.001255
epoch 208 took 11 sec
train mean loss: 0.001334
valid mean loss: 0.001241
epoch 209 took 11 sec
train mean loss: 0.001340
valid mean loss: 0.001253
epoch 210 took 11 sec
train mean loss: 0.001339
valid mean loss: 0.001252
epoch 211 took 10 sec
train mean loss: 0.001341
valid mean loss: 0.001248
epoch 212 took 10 sec
train mean loss: 0.001332
valid mean loss: 0.001268
epoch 213 took 10 sec
train mean loss: 0.001336
valid mean loss: 0.001254
epoch 214 took 10 sec
train mean loss: 0.001344
valid mean loss: 0.001258
epoch 215 took 10 sec
train mean loss: 0.001340
valid mean loss: 0.001256
epoch 216 took 10 sec
train mean loss: 0.001334
valid mean loss: 0.001243
epoch 217 took 10 sec
train mean loss: 0.001330
valid mean loss: 0.001271
epoch 218 took 10 sec
train mean loss: 0.001349
valid mean loss: 0.001240
epoch 219 took 10 sec
train mean loss: 0.001330
valid mean loss: 0.001250
epoch 220 took 11 sec
train mean loss: 0.001331
valid mean loss: 0.001240
epoch 221 took 10 sec
train mean loss: 0.001334
valid mean loss: 0.001280
epoch 222 took 11 sec
train mean loss: 0.001329
valid mean loss: 0.001241
epoch 223 took 10 sec
train mean loss: 0.001335
valid mean loss: 0.001268
epoch 224 took 10 sec
train mean loss: 0.001334
valid mean loss: 0.001245
epoch 225 took 11 sec
train mean loss: 0.001330
valid mean loss: 0.001299
epoch 226 took 10 sec
train mean loss: 0.001327
valid mean loss: 0.001242
epoch 227 took 10 sec
train mean loss: 0.001334
valid mean loss: 0.001266
epoch 228 took 11 sec
train mean loss: 0.001326
valid mean loss: 0.001235
  epoch 229, test cost of best model 0.001352
epoch 229 took 11 sec
train mean loss: 0.001334
valid mean loss: 0.001237
epoch 230 took 11 sec
train mean loss: 0.001329
valid mean loss: 0.001243
epoch 231 took 11 sec
train mean loss: 0.001325
valid mean loss: 0.001240
epoch 232 took 11 sec
train mean loss: 0.001334
valid mean loss: 0.001266
epoch 233 took 11 sec
train mean loss: 0.001323
valid mean loss: 0.001247
epoch 234 took 11 sec
train mean loss: 0.001327
valid mean loss: 0.001275
epoch 235 took 11 sec
train mean loss: 0.001336
valid mean loss: 0.001232
  epoch 236, test cost of best model 0.001349
epoch 236 took 11 sec
train mean loss: 0.001319
valid mean loss: 0.001233
epoch 237 took 11 sec
train mean loss: 0.001327
valid mean loss: 0.001244
epoch 238 took 11 sec
train mean loss: 0.001326
valid mean loss: 0.001262
epoch 239 took 11 sec
train mean loss: 0.001321
valid mean loss: 0.001247
epoch 240 took 11 sec
train mean loss: 0.001325
valid mean loss: 0.001235
epoch 241 took 11 sec
train mean loss: 0.001333
valid mean loss: 0.001267
epoch 242 took 11 sec
train mean loss: 0.001325
valid mean loss: 0.001236
epoch 243 took 11 sec
train mean loss: 0.001319
valid mean loss: 0.001258
epoch 244 took 10 sec
train mean loss: 0.001323
valid mean loss: 0.001240
epoch 245 took 11 sec
train mean loss: 0.001322
valid mean loss: 0.001234
epoch 246 took 11 sec
train mean loss: 0.001319
valid mean loss: 0.001246
epoch 247 took 11 sec
train mean loss: 0.001320
valid mean loss: 0.001239
epoch 248 took 10 sec
train mean loss: 0.001326
valid mean loss: 0.001236
epoch 249 took 10 sec
train mean loss: 0.001325
valid mean loss: 0.001243
epoch 250 took 10 sec
train mean loss: 0.001318
valid mean loss: 0.001243
epoch 251 took 10 sec
train mean loss: 0.001320
valid mean loss: 0.001234
epoch 252 took 10 sec
train mean loss: 0.001314
valid mean loss: 0.001240
epoch 253 took 10 sec
train mean loss: 0.001323
valid mean loss: 0.001232
  epoch 254, test cost of best model 0.001348
epoch 254 took 11 sec
train mean loss: 0.001315
valid mean loss: 0.001238
epoch 255 took 10 sec
train mean loss: 0.001315
valid mean loss: 0.001295
epoch 256 took 10 sec
train mean loss: 0.001324
valid mean loss: 0.001244
epoch 257 took 10 sec
train mean loss: 0.001314
valid mean loss: 0.001239
epoch 258 took 10 sec
train mean loss: 0.001316
valid mean loss: 0.001233
epoch 259 took 10 sec
train mean loss: 0.001317
valid mean loss: 0.001260
epoch 260 took 11 sec
train mean loss: 0.001313
valid mean loss: 0.001235
epoch 261 took 10 sec
train mean loss: 0.001314
valid mean loss: 0.001230
  epoch 262, test cost of best model 0.001345
epoch 262 took 11 sec
train mean loss: 0.001316
valid mean loss: 0.001230
epoch 263 took 10 sec
train mean loss: 0.001317
valid mean loss: 0.001237
epoch 264 took 10 sec
train mean loss: 0.001312
valid mean loss: 0.001238
epoch 265 took 10 sec
train mean loss: 0.001320
valid mean loss: 0.001227
  epoch 266, test cost of best model 0.001344
epoch 266 took 11 sec
train mean loss: 0.001307
valid mean loss: 0.001227
  epoch 267, test cost of best model 0.001345
epoch 267 took 11 sec
train mean loss: 0.001312
valid mean loss: 0.001268
epoch 268 took 10 sec
train mean loss: 0.001310
valid mean loss: 0.001226
  epoch 269, test cost of best model 0.001343
epoch 269 took 11 sec
train mean loss: 0.001323
valid mean loss: 0.001226
epoch 270 took 11 sec
train mean loss: 0.001305
valid mean loss: 0.001267
epoch 271 took 10 sec
train mean loss: 0.001320
valid mean loss: 0.001229
epoch 272 took 10 sec
train mean loss: 0.001317
valid mean loss: 0.001244
epoch 273 took 10 sec
train mean loss: 0.001308
valid mean loss: 0.001262
epoch 274 took 11 sec
train mean loss: 0.001309
valid mean loss: 0.001247
epoch 275 took 11 sec
train mean loss: 0.001307
valid mean loss: 0.001229
epoch 276 took 11 sec
train mean loss: 0.001309
valid mean loss: 0.001230
epoch 277 took 11 sec
train mean loss: 0.001316
valid mean loss: 0.001227
epoch 278 took 10 sec
train mean loss: 0.001307
valid mean loss: 0.001246
epoch 279 took 10 sec
train mean loss: 0.001306
valid mean loss: 0.001232
epoch 280 took 10 sec
train mean loss: 0.001310
valid mean loss: 0.001226
  epoch 281, test cost of best model 0.001340
epoch 281 took 11 sec
train mean loss: 0.001304
valid mean loss: 0.001238
epoch 282 took 10 sec
train mean loss: 0.001308
valid mean loss: 0.001236
epoch 283 took 10 sec
train mean loss: 0.001312
valid mean loss: 0.001311
epoch 284 took 10 sec
train mean loss: 0.001300
valid mean loss: 0.001245
epoch 285 took 11 sec
train mean loss: 0.001305
valid mean loss: 0.001304
epoch 286 took 10 sec
train mean loss: 0.001302
valid mean loss: 0.001227
epoch 287 took 10 sec
train mean loss: 0.001303
valid mean loss: 0.001228
epoch 288 took 10 sec
train mean loss: 0.001307
valid mean loss: 0.001233
epoch 289 took 10 sec
train mean loss: 0.001301
valid mean loss: 0.001233
epoch 290 took 11 sec
train mean loss: 0.001304
valid mean loss: 0.001264
epoch 291 took 10 sec
train mean loss: 0.001300
valid mean loss: 0.001229
epoch 292 took 10 sec
train mean loss: 0.001307
valid mean loss: 0.001263
epoch 293 took 11 sec
train mean loss: 0.001304
valid mean loss: 0.001240
epoch 294 took 10 sec
train mean loss: 0.001297
valid mean loss: 0.001241
epoch 295 took 10 sec
train mean loss: 0.001304
valid mean loss: 0.001232
epoch 296 took 11 sec
train mean loss: 0.001302
valid mean loss: 0.001246
epoch 297 took 10 sec
train mean loss: 0.001305
valid mean loss: 0.001241
epoch 298 took 10 sec
train mean loss: 0.001299
valid mean loss: 0.001229
epoch 299 took 10 sec
train mean loss: 0.001300
valid mean loss: 0.001236
epoch 300 took 11 sec
train mean loss: 0.001296
valid mean loss: 0.001234
epoch 301 took 10 sec
train mean loss: 0.001298
valid mean loss: 0.001226
  epoch 302, test cost of best model 0.001339
epoch 302 took 11 sec
train mean loss: 0.001297
valid mean loss: 0.001269
epoch 303 took 10 sec
train mean loss: 0.001308
valid mean loss: 0.001222
  epoch 304, test cost of best model 0.001335
epoch 304 took 11 sec
train mean loss: 0.001292
valid mean loss: 0.001256
epoch 305 took 10 sec
train mean loss: 0.001297
valid mean loss: 0.001233
epoch 306 took 10 sec
train mean loss: 0.001295
valid mean loss: 0.001224
epoch 307 took 10 sec
train mean loss: 0.001314
valid mean loss: 0.001231
epoch 308 took 10 sec
train mean loss: 0.001287
valid mean loss: 0.001231
epoch 309 took 10 sec
train mean loss: 0.001292
valid mean loss: 0.001248
epoch 310 took 11 sec
train mean loss: 0.001305
valid mean loss: 0.001229
epoch 311 took 10 sec
train mean loss: 0.001291
valid mean loss: 0.001237
epoch 312 took 10 sec
train mean loss: 0.001293
valid mean loss: 0.001228
epoch 313 took 11 sec
train mean loss: 0.001295
valid mean loss: 0.001337
epoch 314 took 10 sec
train mean loss: 0.001296
valid mean loss: 0.001241
epoch 315 took 10 sec
train mean loss: 0.001295
valid mean loss: 0.001233
epoch 316 took 10 sec
train mean loss: 0.001294
valid mean loss: 0.001226
epoch 317 took 10 sec
train mean loss: 0.001291
valid mean loss: 0.001251
epoch 318 took 10 sec
train mean loss: 0.001297
valid mean loss: 0.001238
epoch 319 took 11 sec
train mean loss: 0.001290
valid mean loss: 0.001225
epoch 320 took 10 sec
train mean loss: 0.001288
valid mean loss: 0.001334
epoch 321 took 10 sec
train mean loss: 0.001307
valid mean loss: 0.001228
epoch 322 took 10 sec
train mean loss: 0.001284
valid mean loss: 0.001234
epoch 323 took 10 sec
train mean loss: 0.001285
valid mean loss: 0.001232
epoch 324 took 10 sec
train mean loss: 0.001290
valid mean loss: 0.001262
epoch 325 took 10 sec
train mean loss: 0.001294
valid mean loss: 0.001312
epoch 326 took 11 sec
train mean loss: 0.001286
valid mean loss: 0.001228
epoch 327 took 10 sec
train mean loss: 0.001285
valid mean loss: 0.001227
epoch 328 took 10 sec
train mean loss: 0.001291
valid mean loss: 0.001241
epoch 329 took 11 sec
train mean loss: 0.001286
valid mean loss: 0.001237
epoch 330 took 10 sec
train mean loss: 0.001301
valid mean loss: 0.001242
epoch 331 took 10 sec
train mean loss: 0.001280
valid mean loss: 0.001229
epoch 332 took 10 sec
train mean loss: 0.001291
valid mean loss: 0.001222
  epoch 333, test cost of best model 0.001337
epoch 333 took 11 sec
train mean loss: 0.001289
valid mean loss: 0.001267
epoch 334 took 10 sec
train mean loss: 0.001281
valid mean loss: 0.001229
epoch 335 took 10 sec
train mean loss: 0.001287
valid mean loss: 0.001243
epoch 336 took 10 sec
train mean loss: 0.001289
valid mean loss: 0.001266
epoch 337 took 10 sec
train mean loss: 0.001286
valid mean loss: 0.001232
epoch 338 took 10 sec
train mean loss: 0.001286
valid mean loss: 0.001229
epoch 339 took 10 sec
train mean loss: 0.001290
valid mean loss: 0.001236
epoch 340 took 10 sec
train mean loss: 0.001279
valid mean loss: 0.001230
epoch 341 took 11 sec
train mean loss: 0.001282
valid mean loss: 0.001250
epoch 342 took 10 sec
train mean loss: 0.001284
valid mean loss: 0.001226
epoch 343 took 10 sec
train mean loss: 0.001284
valid mean loss: 0.001234
epoch 344 took 11 sec
train mean loss: 0.001282
valid mean loss: 0.001221
  epoch 345, test cost of best model 0.001336
epoch 345 took 11 sec
train mean loss: 0.001281
valid mean loss: 0.001232
epoch 346 took 11 sec
train mean loss: 0.001283
valid mean loss: 0.001236
epoch 347 took 11 sec
train mean loss: 0.001281
valid mean loss: 0.001227
epoch 348 took 11 sec
train mean loss: 0.001282
valid mean loss: 0.001268
epoch 349 took 11 sec
train mean loss: 0.001278
valid mean loss: 0.001235
epoch 350 took 11 sec
train mean loss: 0.001288
valid mean loss: 0.001300
epoch 351 took 11 sec
train mean loss: 0.001276
valid mean loss: 0.001224
epoch 352 took 11 sec
train mean loss: 0.001282
valid mean loss: 0.001305
epoch 353 took 11 sec
train mean loss: 0.001280
valid mean loss: 0.001224
epoch 354 took 11 sec
train mean loss: 0.001277
valid mean loss: 0.001259
epoch 355 took 11 sec
train mean loss: 0.001283
valid mean loss: 0.001260
epoch 356 took 11 sec
train mean loss: 0.001271
valid mean loss: 0.001232
epoch 357 took 11 sec
train mean loss: 0.001282
valid mean loss: 0.001297
epoch 358 took 11 sec
train mean loss: 0.001273
valid mean loss: 0.001227
epoch 359 took 11 sec
train mean loss: 0.001282
valid mean loss: 0.001233
epoch 360 took 11 sec
train mean loss: 0.001273
valid mean loss: 0.001229
epoch 361 took 11 sec
train mean loss: 0.001276
valid mean loss: 0.001245
epoch 362 took 11 sec
train mean loss: 0.001279
valid mean loss: 0.001223
epoch 363 took 11 sec
train mean loss: 0.001271
valid mean loss: 0.001241
epoch 364 took 10 sec
train mean loss: 0.001276
valid mean loss: 0.001233
epoch 365 took 10 sec
train mean loss: 0.001277
valid mean loss: 0.001227
epoch 366 took 10 sec
train mean loss: 0.001274
valid mean loss: 0.001224
epoch 367 took 10 sec
train mean loss: 0.001274
valid mean loss: 0.001239
epoch 368 took 10 sec
train mean loss: 0.001280
valid mean loss: 0.001232
epoch 369 took 10 sec
train mean loss: 0.001276
valid mean loss: 0.001325
epoch 370 took 11 sec
train mean loss: 0.001272
valid mean loss: 0.001229
epoch 371 took 10 sec
train mean loss: 0.001272
valid mean loss: 0.001232
epoch 372 took 10 sec
train mean loss: 0.001277
valid mean loss: 0.001233
epoch 373 took 10 sec
train mean loss: 0.001273
valid mean loss: 0.001227
epoch 374 took 10 sec
train mean loss: 0.001268
valid mean loss: 0.001237
epoch 375 took 10 sec
train mean loss: 0.001279
valid mean loss: 0.001232
epoch 376 took 10 sec
train mean loss: 0.001268
valid mean loss: 0.001231
epoch 377 took 10 sec
train mean loss: 0.001272
valid mean loss: 0.001222
epoch 378 took 11 sec
train mean loss: 0.001266
valid mean loss: 0.001250
epoch 379 took 10 sec
train mean loss: 0.001270
valid mean loss: 0.001234
epoch 380 took 10 sec
train mean loss: 0.001269
valid mean loss: 0.001236
epoch 381 took 10 sec
train mean loss: 0.001268
valid mean loss: 0.001235
epoch 382 took 11 sec
train mean loss: 0.001269
valid mean loss: 0.001232
epoch 383 took 10 sec
train mean loss: 0.001265
valid mean loss: 0.001243
epoch 384 took 10 sec
train mean loss: 0.001273
valid mean loss: 0.001226
epoch 385 took 10 sec
train mean loss: 0.001262
valid mean loss: 0.001223
epoch 386 took 10 sec
train mean loss: 0.001266
valid mean loss: 0.001242
epoch 387 took 10 sec
train mean loss: 0.001270
valid mean loss: 0.001236
epoch 388 took 10 sec
train mean loss: 0.001265
valid mean loss: 0.001225
epoch 389 took 10 sec
train mean loss: 0.001265
valid mean loss: 0.001247
epoch 390 took 11 sec
train mean loss: 0.001265
valid mean loss: 0.001222
epoch 391 took 10 sec
train mean loss: 0.001261
valid mean loss: 0.001220
  epoch 392, test cost of best model 0.001333
epoch 392 took 11 sec
train mean loss: 0.001267
valid mean loss: 0.001279
epoch 393 took 10 sec
train mean loss: 0.001259
valid mean loss: 0.001231
epoch 394 took 10 sec
train mean loss: 0.001266
valid mean loss: 0.001237
epoch 395 took 10 sec
train mean loss: 0.001270
valid mean loss: 0.001233
epoch 396 took 10 sec
train mean loss: 0.001260
valid mean loss: 0.001234
epoch 397 took 10 sec
train mean loss: 0.001265
valid mean loss: 0.001239
epoch 398 took 10 sec
train mean loss: 0.001266
valid mean loss: 0.001231
epoch 399 took 10 sec
train mean loss: 0.001258
valid mean loss: 0.001242
epoch 400 took 10 sec
train mean loss: 0.001262
valid mean loss: 0.001224
epoch 401 took 10 sec
train mean loss: 0.001260
valid mean loss: 0.001224
epoch 402 took 10 sec
train mean loss: 0.001257
valid mean loss: 0.001227
epoch 403 took 10 sec
train mean loss: 0.001258
valid mean loss: 0.001262
epoch 404 took 10 sec
train mean loss: 0.001262
valid mean loss: 0.001230
epoch 405 took 11 sec
train mean loss: 0.001262
valid mean loss: 0.001231
epoch 406 took 10 sec
train mean loss: 0.001264
valid mean loss: 0.001220
epoch 407 took 10 sec
train mean loss: 0.001262
valid mean loss: 0.001223
epoch 408 took 10 sec
train mean loss: 0.001261
valid mean loss: 0.001226
epoch 409 took 10 sec
train mean loss: 0.001252
valid mean loss: 0.001226
total training time took 4581 sec
