-------- training parameter --------
GPU ID        : 0
archtecture   : basic_cnn_head
batch size    : 5
epoch         : 1000
color scheme  : rgb
size          : 64
------------------------------------

train mean loss: 0.032814
valid mean loss: 0.015436
  epoch 1, test cost of best model 0.014603
epoch 1 took 12 sec
train mean loss: 0.009640
valid mean loss: 0.005285
  epoch 2, test cost of best model 0.005071
epoch 2 took 12 sec
train mean loss: 0.004337
valid mean loss: 0.003804
  epoch 3, test cost of best model 0.003690
epoch 3 took 12 sec
train mean loss: 0.003002
valid mean loss: 0.002119
  epoch 4, test cost of best model 0.002197
epoch 4 took 12 sec
train mean loss: 0.002158
valid mean loss: 0.001900
  epoch 5, test cost of best model 0.001992
epoch 5 took 12 sec
train mean loss: 0.001998
valid mean loss: 0.001863
  epoch 6, test cost of best model 0.001961
epoch 6 took 12 sec
train mean loss: 0.001923
valid mean loss: 0.001752
  epoch 7, test cost of best model 0.001848
epoch 7 took 12 sec
train mean loss: 0.001863
valid mean loss: 0.001735
  epoch 8, test cost of best model 0.001833
epoch 8 took 12 sec
train mean loss: 0.001843
valid mean loss: 0.001709
  epoch 9, test cost of best model 0.001807
epoch 9 took 12 sec
train mean loss: 0.001830
valid mean loss: 0.001725
epoch 10 took 11 sec
train mean loss: 0.001776
valid mean loss: 0.001768
epoch 11 took 11 sec
train mean loss: 0.001779
valid mean loss: 0.001626
  epoch 12, test cost of best model 0.001728
epoch 12 took 12 sec
train mean loss: 0.001760
valid mean loss: 0.001606
  epoch 13, test cost of best model 0.001708
epoch 13 took 12 sec
train mean loss: 0.001734
valid mean loss: 0.001570
  epoch 14, test cost of best model 0.001674
epoch 14 took 12 sec
train mean loss: 0.001707
valid mean loss: 0.001566
  epoch 15, test cost of best model 0.001671
epoch 15 took 12 sec
train mean loss: 0.001704
valid mean loss: 0.001576
epoch 16 took 11 sec
train mean loss: 0.001700
valid mean loss: 0.001519
  epoch 17, test cost of best model 0.001626
epoch 17 took 12 sec
train mean loss: 0.001656
valid mean loss: 0.001611
epoch 18 took 11 sec
train mean loss: 0.001653
valid mean loss: 0.001522
epoch 19 took 11 sec
train mean loss: 0.001746
valid mean loss: 0.001497
  epoch 20, test cost of best model 0.001603
epoch 20 took 12 sec
train mean loss: 0.001601
valid mean loss: 0.001477
  epoch 21, test cost of best model 0.001586
epoch 21 took 12 sec
train mean loss: 0.001620
valid mean loss: 0.001698
epoch 22 took 12 sec
train mean loss: 0.001628
valid mean loss: 0.001632
epoch 23 took 12 sec
train mean loss: 0.001577
valid mean loss: 0.001463
  epoch 24, test cost of best model 0.001574
epoch 24 took 12 sec
train mean loss: 0.001590
valid mean loss: 0.001453
  epoch 25, test cost of best model 0.001565
epoch 25 took 12 sec
train mean loss: 0.001572
valid mean loss: 0.001459
epoch 26 took 12 sec
train mean loss: 0.001568
valid mean loss: 0.001556
epoch 27 took 12 sec
train mean loss: 0.001567
valid mean loss: 0.001449
  epoch 28, test cost of best model 0.001561
epoch 28 took 12 sec
train mean loss: 0.001558
valid mean loss: 0.001425
  epoch 29, test cost of best model 0.001536
epoch 29 took 12 sec
train mean loss: 0.001585
valid mean loss: 0.001591
epoch 30 took 12 sec
train mean loss: 0.001529
valid mean loss: 0.001403
  epoch 31, test cost of best model 0.001515
epoch 31 took 12 sec
train mean loss: 0.001522
valid mean loss: 0.001414
epoch 32 took 12 sec
train mean loss: 0.001543
valid mean loss: 0.001400
  epoch 33, test cost of best model 0.001513
epoch 33 took 12 sec
train mean loss: 0.001529
valid mean loss: 0.001409
epoch 34 took 12 sec
train mean loss: 0.001546
valid mean loss: 0.001405
epoch 35 took 11 sec
train mean loss: 0.001510
valid mean loss: 0.001383
  epoch 36, test cost of best model 0.001497
epoch 36 took 12 sec
train mean loss: 0.001582
valid mean loss: 0.001396
epoch 37 took 11 sec
train mean loss: 0.001487
valid mean loss: 0.001368
  epoch 38, test cost of best model 0.001480
epoch 38 took 12 sec
train mean loss: 0.001496
valid mean loss: 0.001425
epoch 39 took 11 sec
train mean loss: 0.001510
valid mean loss: 0.001373
epoch 40 took 12 sec
train mean loss: 0.001491
valid mean loss: 0.001399
epoch 41 took 11 sec
train mean loss: 0.001506
valid mean loss: 0.001390
epoch 42 took 11 sec
train mean loss: 0.001493
valid mean loss: 0.001371
epoch 43 took 11 sec
train mean loss: 0.001502
valid mean loss: 0.001373
epoch 44 took 12 sec
train mean loss: 0.001480
valid mean loss: 0.001355
  epoch 45, test cost of best model 0.001469
epoch 45 took 12 sec
train mean loss: 0.001514
valid mean loss: 0.001405
epoch 46 took 11 sec
train mean loss: 0.001476
valid mean loss: 0.001423
epoch 47 took 11 sec
train mean loss: 0.001473
valid mean loss: 0.001341
  epoch 48, test cost of best model 0.001454
epoch 48 took 12 sec
train mean loss: 0.001472
valid mean loss: 0.001344
epoch 49 took 11 sec
train mean loss: 0.001469
valid mean loss: 0.001381
epoch 50 took 11 sec
train mean loss: 0.001473
valid mean loss: 0.001343
epoch 51 took 12 sec
train mean loss: 0.001461
valid mean loss: 0.001338
  epoch 52, test cost of best model 0.001451
epoch 52 took 12 sec
train mean loss: 0.001473
valid mean loss: 0.001441
epoch 53 took 11 sec
train mean loss: 0.001465
valid mean loss: 0.001392
epoch 54 took 11 sec
train mean loss: 0.001453
valid mean loss: 0.001341
epoch 55 took 12 sec
train mean loss: 0.001456
valid mean loss: 0.001378
epoch 56 took 12 sec
train mean loss: 0.001469
valid mean loss: 0.001370
epoch 57 took 12 sec
train mean loss: 0.001450
valid mean loss: 0.001410
epoch 58 took 12 sec
train mean loss: 0.001453
valid mean loss: 0.001335
  epoch 59, test cost of best model 0.001449
epoch 59 took 12 sec
train mean loss: 0.001452
valid mean loss: 0.001348
epoch 60 took 12 sec
train mean loss: 0.001450
valid mean loss: 0.001366
epoch 61 took 12 sec
train mean loss: 0.001444
valid mean loss: 0.001319
  epoch 62, test cost of best model 0.001433
epoch 62 took 12 sec
train mean loss: 0.001453
valid mean loss: 0.001412
epoch 63 took 12 sec
train mean loss: 0.001454
valid mean loss: 0.001325
epoch 64 took 12 sec
train mean loss: 0.001436
valid mean loss: 0.001320
epoch 65 took 12 sec
train mean loss: 0.001440
valid mean loss: 0.001320
epoch 66 took 12 sec
train mean loss: 0.001443
valid mean loss: 0.001311
  epoch 67, test cost of best model 0.001428
epoch 67 took 12 sec
train mean loss: 0.001432
valid mean loss: 0.001334
epoch 68 took 12 sec
train mean loss: 0.001444
valid mean loss: 0.001349
epoch 69 took 12 sec
train mean loss: 0.001448
valid mean loss: 0.001339
epoch 70 took 12 sec
train mean loss: 0.001425
valid mean loss: 0.001341
epoch 71 took 12 sec
train mean loss: 0.001442
valid mean loss: 0.001302
  epoch 72, test cost of best model 0.001419
epoch 72 took 12 sec
train mean loss: 0.001428
valid mean loss: 0.001328
epoch 73 took 12 sec
train mean loss: 0.001434
valid mean loss: 0.001321
epoch 74 took 12 sec
train mean loss: 0.001427
valid mean loss: 0.001348
epoch 75 took 12 sec
train mean loss: 0.001435
valid mean loss: 0.001343
epoch 76 took 12 sec
train mean loss: 0.001424
valid mean loss: 0.001316
epoch 77 took 12 sec
train mean loss: 0.001451
valid mean loss: 0.001305
epoch 78 took 12 sec
train mean loss: 0.001412
valid mean loss: 0.001296
  epoch 79, test cost of best model 0.001413
epoch 79 took 12 sec
train mean loss: 0.001434
valid mean loss: 0.001297
epoch 80 took 12 sec
train mean loss: 0.001414
valid mean loss: 0.001297
epoch 81 took 12 sec
train mean loss: 0.001437
valid mean loss: 0.001472
epoch 82 took 12 sec
train mean loss: 0.001431
valid mean loss: 0.001715
epoch 83 took 12 sec
train mean loss: 0.001414
valid mean loss: 0.001292
  epoch 84, test cost of best model 0.001408
epoch 84 took 12 sec
train mean loss: 0.001434
valid mean loss: 0.001291
  epoch 85, test cost of best model 0.001409
epoch 85 took 12 sec
train mean loss: 0.001408
valid mean loss: 0.001306
epoch 86 took 12 sec
train mean loss: 0.001422
valid mean loss: 0.001294
epoch 87 took 12 sec
train mean loss: 0.001415
valid mean loss: 0.001289
  epoch 88, test cost of best model 0.001408
epoch 88 took 12 sec
train mean loss: 0.001409
valid mean loss: 0.001302
epoch 89 took 12 sec
train mean loss: 0.001442
valid mean loss: 0.001294
epoch 90 took 12 sec
train mean loss: 0.001399
valid mean loss: 0.001290
epoch 91 took 12 sec
train mean loss: 0.001426
valid mean loss: 0.001285
  epoch 92, test cost of best model 0.001402
epoch 92 took 12 sec
train mean loss: 0.001399
valid mean loss: 0.001283
  epoch 93, test cost of best model 0.001399
epoch 93 took 12 sec
train mean loss: 0.001429
valid mean loss: 0.001294
epoch 94 took 12 sec
train mean loss: 0.001409
valid mean loss: 0.001308
epoch 95 took 12 sec
train mean loss: 0.001396
valid mean loss: 0.001299
epoch 96 took 12 sec
train mean loss: 0.001417
valid mean loss: 0.001279
  epoch 97, test cost of best model 0.001396
epoch 97 took 12 sec
train mean loss: 0.001412
valid mean loss: 0.001279
epoch 98 took 12 sec
train mean loss: 0.001391
valid mean loss: 0.001321
epoch 99 took 12 sec
train mean loss: 0.001417
valid mean loss: 0.001291
epoch 100 took 12 sec
train mean loss: 0.001404
valid mean loss: 0.001294
epoch 101 took 12 sec
train mean loss: 0.001396
valid mean loss: 0.001294
epoch 102 took 12 sec
train mean loss: 0.001403
valid mean loss: 0.001287
epoch 103 took 12 sec
train mean loss: 0.001394
valid mean loss: 0.001313
epoch 104 took 12 sec
train mean loss: 0.001397
valid mean loss: 0.001282
epoch 105 took 12 sec
train mean loss: 0.001401
valid mean loss: 0.001297
epoch 106 took 12 sec
train mean loss: 0.001393
valid mean loss: 0.001289
epoch 107 took 12 sec
train mean loss: 0.001403
valid mean loss: 0.001289
epoch 108 took 12 sec
train mean loss: 0.001393
valid mean loss: 0.001287
epoch 109 took 12 sec
train mean loss: 0.001390
valid mean loss: 0.001286
epoch 110 took 12 sec
train mean loss: 0.001398
valid mean loss: 0.001283
epoch 111 took 12 sec
train mean loss: 0.001389
valid mean loss: 0.001277
  epoch 112, test cost of best model 0.001390
epoch 112 took 12 sec
train mean loss: 0.001389
valid mean loss: 0.001285
epoch 113 took 12 sec
train mean loss: 0.001389
valid mean loss: 0.001276
  epoch 114, test cost of best model 0.001393
epoch 114 took 12 sec
train mean loss: 0.001403
valid mean loss: 0.001273
  epoch 115, test cost of best model 0.001389
epoch 115 took 12 sec
train mean loss: 0.001385
valid mean loss: 0.001311
epoch 116 took 12 sec
train mean loss: 0.001389
valid mean loss: 0.001294
epoch 117 took 12 sec
train mean loss: 0.001390
valid mean loss: 0.001287
epoch 118 took 12 sec
train mean loss: 0.001392
valid mean loss: 0.001279
epoch 119 took 12 sec
train mean loss: 0.001383
valid mean loss: 0.001355
epoch 120 took 12 sec
train mean loss: 0.001382
valid mean loss: 0.001275
epoch 121 took 12 sec
train mean loss: 0.001388
valid mean loss: 0.001269
  epoch 122, test cost of best model 0.001385
epoch 122 took 12 sec
train mean loss: 0.001384
valid mean loss: 0.001298
epoch 123 took 12 sec
train mean loss: 0.001377
valid mean loss: 0.001273
epoch 124 took 12 sec
train mean loss: 0.001382
valid mean loss: 0.001266
  epoch 125, test cost of best model 0.001381
epoch 125 took 12 sec
train mean loss: 0.001371
valid mean loss: 0.001333
epoch 126 took 12 sec
train mean loss: 0.001444
valid mean loss: 0.001279
epoch 127 took 12 sec
train mean loss: 0.001363
valid mean loss: 0.001262
  epoch 128, test cost of best model 0.001378
epoch 128 took 12 sec
train mean loss: 0.001373
valid mean loss: 0.001274
epoch 129 took 12 sec
train mean loss: 0.001394
valid mean loss: 0.001272
epoch 130 took 12 sec
train mean loss: 0.001370
valid mean loss: 0.001264
epoch 131 took 12 sec
train mean loss: 0.001383
valid mean loss: 0.001258
  epoch 132, test cost of best model 0.001374
epoch 132 took 12 sec
train mean loss: 0.001372
valid mean loss: 0.001291
epoch 133 took 12 sec
train mean loss: 0.001382
valid mean loss: 0.001260
epoch 134 took 12 sec
train mean loss: 0.001367
valid mean loss: 0.001282
epoch 135 took 12 sec
train mean loss: 0.001368
valid mean loss: 0.001273
epoch 136 took 12 sec
train mean loss: 0.001376
valid mean loss: 0.001263
epoch 137 took 12 sec
train mean loss: 0.001368
valid mean loss: 0.001269
epoch 138 took 12 sec
train mean loss: 0.001376
valid mean loss: 0.001270
epoch 139 took 12 sec
train mean loss: 0.001365
valid mean loss: 0.001288
epoch 140 took 12 sec
train mean loss: 0.001381
valid mean loss: 0.001260
epoch 141 took 12 sec
train mean loss: 0.001362
valid mean loss: 0.001294
epoch 142 took 12 sec
train mean loss: 0.001371
valid mean loss: 0.001259
epoch 143 took 12 sec
train mean loss: 0.001364
valid mean loss: 0.001256
  epoch 144, test cost of best model 0.001372
epoch 144 took 12 sec
train mean loss: 0.001367
valid mean loss: 0.001274
epoch 145 took 12 sec
train mean loss: 0.001363
valid mean loss: 0.001294
epoch 146 took 12 sec
train mean loss: 0.001366
valid mean loss: 0.001257
epoch 147 took 12 sec
train mean loss: 0.001366
valid mean loss: 0.001260
epoch 148 took 12 sec
train mean loss: 0.001370
valid mean loss: 0.001263
epoch 149 took 12 sec
train mean loss: 0.001361
valid mean loss: 0.001279
epoch 150 took 12 sec
train mean loss: 0.001363
valid mean loss: 0.001271
epoch 151 took 12 sec
train mean loss: 0.001367
valid mean loss: 0.001279
epoch 152 took 12 sec
train mean loss: 0.001361
valid mean loss: 0.001271
epoch 153 took 12 sec
train mean loss: 0.001359
valid mean loss: 0.001270
epoch 154 took 12 sec
train mean loss: 0.001357
valid mean loss: 0.001253
  epoch 155, test cost of best model 0.001368
epoch 155 took 13 sec
train mean loss: 0.001366
valid mean loss: 0.001261
epoch 156 took 12 sec
train mean loss: 0.001355
valid mean loss: 0.001281
epoch 157 took 12 sec
train mean loss: 0.001376
valid mean loss: 0.001249
  epoch 158, test cost of best model 0.001365
epoch 158 took 12 sec
train mean loss: 0.001353
valid mean loss: 0.001253
epoch 159 took 12 sec
train mean loss: 0.001356
valid mean loss: 0.001252
epoch 160 took 12 sec
train mean loss: 0.001358
valid mean loss: 0.001248
  epoch 161, test cost of best model 0.001363
epoch 161 took 12 sec
train mean loss: 0.001349
valid mean loss: 0.001253
epoch 162 took 12 sec
train mean loss: 0.001353
valid mean loss: 0.001343
epoch 163 took 12 sec
train mean loss: 0.001356
valid mean loss: 0.001248
  epoch 164, test cost of best model 0.001361
epoch 164 took 13 sec
train mean loss: 0.001352
valid mean loss: 0.001260
epoch 165 took 12 sec
train mean loss: 0.001353
valid mean loss: 0.001267
epoch 166 took 12 sec
train mean loss: 0.001364
valid mean loss: 0.001276
epoch 167 took 12 sec
train mean loss: 0.001344
valid mean loss: 0.001272
epoch 168 took 12 sec
train mean loss: 0.001349
valid mean loss: 0.001257
epoch 169 took 12 sec
train mean loss: 0.001357
valid mean loss: 0.001331
epoch 170 took 12 sec
train mean loss: 0.001344
valid mean loss: 0.001259
epoch 171 took 12 sec
train mean loss: 0.001357
valid mean loss: 0.001258
epoch 172 took 12 sec
train mean loss: 0.001351
valid mean loss: 0.001255
epoch 173 took 12 sec
train mean loss: 0.001342
valid mean loss: 0.001246
  epoch 174, test cost of best model 0.001360
epoch 174 took 12 sec
train mean loss: 0.001356
valid mean loss: 0.001265
epoch 175 took 12 sec
train mean loss: 0.001347
valid mean loss: 0.001266
epoch 176 took 12 sec
train mean loss: 0.001339
valid mean loss: 0.001255
epoch 177 took 12 sec
train mean loss: 0.001369
valid mean loss: 0.001248
epoch 178 took 12 sec
train mean loss: 0.001346
valid mean loss: 0.001305
epoch 179 took 12 sec
train mean loss: 0.001340
valid mean loss: 0.001285
epoch 180 took 12 sec
train mean loss: 0.001350
valid mean loss: 0.001243
  epoch 181, test cost of best model 0.001357
epoch 181 took 12 sec
train mean loss: 0.001342
valid mean loss: 0.001274
epoch 182 took 12 sec
train mean loss: 0.001345
valid mean loss: 0.001268
epoch 183 took 12 sec
train mean loss: 0.001345
valid mean loss: 0.001257
epoch 184 took 12 sec
train mean loss: 0.001348
valid mean loss: 0.001243
epoch 185 took 12 sec
train mean loss: 0.001334
valid mean loss: 0.001257
epoch 186 took 12 sec
train mean loss: 0.001341
valid mean loss: 0.001249
epoch 187 took 12 sec
train mean loss: 0.001342
valid mean loss: 0.001252
epoch 188 took 11 sec
train mean loss: 0.001336
valid mean loss: 0.001315
epoch 189 took 11 sec
train mean loss: 0.001343
valid mean loss: 0.001251
epoch 190 took 12 sec
train mean loss: 0.001334
valid mean loss: 0.001275
epoch 191 took 11 sec
train mean loss: 0.001348
valid mean loss: 0.001261
epoch 192 took 11 sec
train mean loss: 0.001334
valid mean loss: 0.001264
epoch 193 took 11 sec
train mean loss: 0.001344
valid mean loss: 0.001257
epoch 194 took 12 sec
train mean loss: 0.001331
valid mean loss: 0.001275
epoch 195 took 11 sec
train mean loss: 0.001334
valid mean loss: 0.001266
epoch 196 took 11 sec
train mean loss: 0.001341
valid mean loss: 0.001254
epoch 197 took 11 sec
train mean loss: 0.001331
valid mean loss: 0.001247
epoch 198 took 12 sec
train mean loss: 0.001331
valid mean loss: 0.001247
epoch 199 took 12 sec
train mean loss: 0.001335
valid mean loss: 0.001248
epoch 200 took 12 sec
train mean loss: 0.001344
valid mean loss: 0.001242
  epoch 201, test cost of best model 0.001355
epoch 201 took 12 sec
train mean loss: 0.001324
valid mean loss: 0.001253
epoch 202 took 12 sec
train mean loss: 0.001334
valid mean loss: 0.001236
  epoch 203, test cost of best model 0.001350
epoch 203 took 12 sec
train mean loss: 0.001332
valid mean loss: 0.001245
epoch 204 took 11 sec
train mean loss: 0.001343
valid mean loss: 0.001313
epoch 205 took 12 sec
train mean loss: 0.001323
valid mean loss: 0.001239
epoch 206 took 12 sec
train mean loss: 0.001325
valid mean loss: 0.001238
epoch 207 took 12 sec
train mean loss: 0.001336
valid mean loss: 0.001243
epoch 208 took 12 sec
train mean loss: 0.001342
valid mean loss: 0.001265
epoch 209 took 12 sec
train mean loss: 0.001320
valid mean loss: 0.001256
epoch 210 took 12 sec
train mean loss: 0.001322
valid mean loss: 0.001273
epoch 211 took 12 sec
train mean loss: 0.001328
valid mean loss: 0.001236
  epoch 212, test cost of best model 0.001348
epoch 212 took 12 sec
train mean loss: 0.001327
valid mean loss: 0.001243
epoch 213 took 12 sec
train mean loss: 0.001323
valid mean loss: 0.001259
epoch 214 took 12 sec
train mean loss: 0.001324
valid mean loss: 0.001261
epoch 215 took 12 sec
train mean loss: 0.001334
valid mean loss: 0.001258
epoch 216 took 12 sec
train mean loss: 0.001318
valid mean loss: 0.001271
epoch 217 took 12 sec
train mean loss: 0.001324
valid mean loss: 0.001276
epoch 218 took 12 sec
train mean loss: 0.001322
valid mean loss: 0.001242
epoch 219 took 12 sec
train mean loss: 0.001343
valid mean loss: 0.001247
epoch 220 took 12 sec
train mean loss: 0.001314
valid mean loss: 0.001240
epoch 221 took 12 sec
train mean loss: 0.001325
valid mean loss: 0.001236
epoch 222 took 12 sec
train mean loss: 0.001315
valid mean loss: 0.001288
epoch 223 took 12 sec
train mean loss: 0.001334
valid mean loss: 0.001243
epoch 224 took 12 sec
train mean loss: 0.001314
valid mean loss: 0.001239
epoch 225 took 12 sec
train mean loss: 0.001315
valid mean loss: 0.001237
epoch 226 took 12 sec
train mean loss: 0.001321
valid mean loss: 0.001243
epoch 227 took 12 sec
train mean loss: 0.001320
valid mean loss: 0.001235
  epoch 228, test cost of best model 0.001345
epoch 228 took 12 sec
train mean loss: 0.001315
valid mean loss: 0.001335
epoch 229 took 12 sec
train mean loss: 0.001317
valid mean loss: 0.001238
epoch 230 took 12 sec
train mean loss: 0.001314
valid mean loss: 0.001289
epoch 231 took 12 sec
train mean loss: 0.001328
valid mean loss: 0.001245
epoch 232 took 12 sec
train mean loss: 0.001312
valid mean loss: 0.001251
epoch 233 took 12 sec
train mean loss: 0.001317
valid mean loss: 0.001258
epoch 234 took 12 sec
train mean loss: 0.001310
valid mean loss: 0.001236
epoch 235 took 12 sec
train mean loss: 0.001319
valid mean loss: 0.001238
epoch 236 took 12 sec
train mean loss: 0.001319
valid mean loss: 0.001237
epoch 237 took 12 sec
train mean loss: 0.001308
valid mean loss: 0.001235
  epoch 238, test cost of best model 0.001345
epoch 238 took 12 sec
train mean loss: 0.001309
valid mean loss: 0.001244
epoch 239 took 12 sec
train mean loss: 0.001313
valid mean loss: 0.001233
  epoch 240, test cost of best model 0.001344
epoch 240 took 12 sec
train mean loss: 0.001313
valid mean loss: 0.001285
epoch 241 took 12 sec
train mean loss: 0.001309
valid mean loss: 0.001259
epoch 242 took 12 sec
train mean loss: 0.001308
valid mean loss: 0.001265
epoch 243 took 12 sec
train mean loss: 0.001311
valid mean loss: 0.001242
epoch 244 took 12 sec
train mean loss: 0.001309
valid mean loss: 0.001245
epoch 245 took 12 sec
train mean loss: 0.001308
valid mean loss: 0.001246
epoch 246 took 12 sec
train mean loss: 0.001303
valid mean loss: 0.001240
epoch 247 took 12 sec
train mean loss: 0.001311
valid mean loss: 0.001229
  epoch 248, test cost of best model 0.001338
epoch 248 took 12 sec
train mean loss: 0.001301
valid mean loss: 0.001271
epoch 249 took 12 sec
train mean loss: 0.001308
valid mean loss: 0.001260
epoch 250 took 12 sec
train mean loss: 0.001302
valid mean loss: 0.001234
epoch 251 took 12 sec
train mean loss: 0.001309
valid mean loss: 0.001241
epoch 252 took 12 sec
train mean loss: 0.001319
valid mean loss: 0.001237
epoch 253 took 12 sec
train mean loss: 0.001297
valid mean loss: 0.001237
epoch 254 took 12 sec
train mean loss: 0.001303
valid mean loss: 0.001252
epoch 255 took 12 sec
train mean loss: 0.001320
valid mean loss: 0.001262
epoch 256 took 12 sec
train mean loss: 0.001293
valid mean loss: 0.001266
epoch 257 took 12 sec
train mean loss: 0.001300
valid mean loss: 0.001235
epoch 258 took 12 sec
train mean loss: 0.001300
valid mean loss: 0.001256
epoch 259 took 12 sec
train mean loss: 0.001301
valid mean loss: 0.001240
epoch 260 took 12 sec
train mean loss: 0.001303
valid mean loss: 0.001328
epoch 261 took 12 sec
train mean loss: 0.001310
valid mean loss: 0.001236
epoch 262 took 12 sec
train mean loss: 0.001292
valid mean loss: 0.001264
epoch 263 took 12 sec
train mean loss: 0.001297
valid mean loss: 0.001245
epoch 264 took 12 sec
train mean loss: 0.001299
valid mean loss: 0.001245
epoch 265 took 12 sec
train mean loss: 0.001311
valid mean loss: 0.001228
  epoch 266, test cost of best model 0.001336
epoch 266 took 12 sec
train mean loss: 0.001288
valid mean loss: 0.001237
epoch 267 took 12 sec
train mean loss: 0.001292
valid mean loss: 0.001269
epoch 268 took 12 sec
train mean loss: 0.001300
valid mean loss: 0.001343
epoch 269 took 12 sec
train mean loss: 0.001291
valid mean loss: 0.001260
epoch 270 took 12 sec
train mean loss: 0.001294
valid mean loss: 0.001295
epoch 271 took 12 sec
train mean loss: 0.001292
valid mean loss: 0.001229
epoch 272 took 12 sec
train mean loss: 0.001300
valid mean loss: 0.001241
epoch 273 took 12 sec
train mean loss: 0.001284
valid mean loss: 0.001244
epoch 274 took 12 sec
train mean loss: 0.001297
valid mean loss: 0.001228
  epoch 275, test cost of best model 0.001337
epoch 275 took 12 sec
train mean loss: 0.001291
valid mean loss: 0.001239
epoch 276 took 12 sec
train mean loss: 0.001287
valid mean loss: 0.001249
epoch 277 took 12 sec
train mean loss: 0.001288
valid mean loss: 0.001252
epoch 278 took 12 sec
train mean loss: 0.001295
valid mean loss: 0.001256
epoch 279 took 12 sec
train mean loss: 0.001285
valid mean loss: 0.001269
epoch 280 took 12 sec
train mean loss: 0.001290
valid mean loss: 0.001229
epoch 281 took 12 sec
train mean loss: 0.001285
valid mean loss: 0.001249
epoch 282 took 12 sec
train mean loss: 0.001292
valid mean loss: 0.001255
epoch 283 took 12 sec
train mean loss: 0.001281
valid mean loss: 0.001250
epoch 284 took 12 sec
train mean loss: 0.001294
valid mean loss: 0.001239
epoch 285 took 12 sec
train mean loss: 0.001287
valid mean loss: 0.001278
epoch 286 took 12 sec
train mean loss: 0.001280
valid mean loss: 0.001247
epoch 287 took 12 sec
train mean loss: 0.001284
valid mean loss: 0.001238
epoch 288 took 12 sec
train mean loss: 0.001289
valid mean loss: 0.001242
epoch 289 took 12 sec
train mean loss: 0.001286
valid mean loss: 0.001263
epoch 290 took 12 sec
train mean loss: 0.001282
valid mean loss: 0.001276
epoch 291 took 12 sec
train mean loss: 0.001278
valid mean loss: 0.001259
epoch 292 took 12 sec
train mean loss: 0.001283
valid mean loss: 0.001252
epoch 293 took 12 sec
train mean loss: 0.001285
valid mean loss: 0.001241
epoch 294 took 12 sec
train mean loss: 0.001285
valid mean loss: 0.001238
epoch 295 took 12 sec
train mean loss: 0.001276
valid mean loss: 0.001253
epoch 296 took 12 sec
train mean loss: 0.001281
valid mean loss: 0.001233
epoch 297 took 12 sec
train mean loss: 0.001285
valid mean loss: 0.001256
epoch 298 took 12 sec
train mean loss: 0.001278
valid mean loss: 0.001275
epoch 299 took 12 sec
train mean loss: 0.001279
valid mean loss: 0.001272
epoch 300 took 12 sec
train mean loss: 0.001282
valid mean loss: 0.001243
epoch 301 took 12 sec
train mean loss: 0.001281
valid mean loss: 0.001257
epoch 302 took 12 sec
train mean loss: 0.001274
valid mean loss: 0.001228
  epoch 303, test cost of best model 0.001336
epoch 303 took 12 sec
train mean loss: 0.001273
valid mean loss: 0.001273
epoch 304 took 12 sec
train mean loss: 0.001282
valid mean loss: 0.001241
epoch 305 took 12 sec
train mean loss: 0.001276
valid mean loss: 0.001232
epoch 306 took 12 sec
train mean loss: 0.001272
valid mean loss: 0.001232
epoch 307 took 12 sec
train mean loss: 0.001279
valid mean loss: 0.001231
epoch 308 took 12 sec
train mean loss: 0.001270
valid mean loss: 0.001247
epoch 309 took 12 sec
train mean loss: 0.001280
valid mean loss: 0.001232
epoch 310 took 12 sec
train mean loss: 0.001274
valid mean loss: 0.001260
epoch 311 took 12 sec
train mean loss: 0.001271
valid mean loss: 0.001235
epoch 312 took 12 sec
train mean loss: 0.001274
valid mean loss: 0.001236
epoch 313 took 12 sec
train mean loss: 0.001268
valid mean loss: 0.001244
epoch 314 took 12 sec
train mean loss: 0.001271
valid mean loss: 0.001239
epoch 315 took 12 sec
train mean loss: 0.001271
valid mean loss: 0.001238
epoch 316 took 12 sec
train mean loss: 0.001269
valid mean loss: 0.001238
epoch 317 took 12 sec
train mean loss: 0.001267
valid mean loss: 0.001250
epoch 318 took 12 sec
train mean loss: 0.001271
valid mean loss: 0.001233
epoch 319 took 12 sec
train mean loss: 0.001269
valid mean loss: 0.001226
  epoch 320, test cost of best model 0.001336
epoch 320 took 12 sec
train mean loss: 0.001270
valid mean loss: 0.001232
epoch 321 took 12 sec
train mean loss: 0.001273
valid mean loss: 0.001239
epoch 322 took 12 sec
train mean loss: 0.001261
valid mean loss: 0.001233
epoch 323 took 12 sec
train mean loss: 0.001264
valid mean loss: 0.001230
epoch 324 took 12 sec
train mean loss: 0.001263
valid mean loss: 0.001242
epoch 325 took 12 sec
train mean loss: 0.001265
valid mean loss: 0.001240
epoch 326 took 12 sec
train mean loss: 0.001259
valid mean loss: 0.001246
epoch 327 took 12 sec
train mean loss: 0.001265
valid mean loss: 0.001243
epoch 328 took 12 sec
train mean loss: 0.001262
valid mean loss: 0.001255
epoch 329 took 12 sec
train mean loss: 0.001262
valid mean loss: 0.001247
epoch 330 took 12 sec
train mean loss: 0.001266
valid mean loss: 0.001264
epoch 331 took 12 sec
train mean loss: 0.001261
valid mean loss: 0.001232
epoch 332 took 12 sec
train mean loss: 0.001261
valid mean loss: 0.001257
epoch 333 took 12 sec
train mean loss: 0.001268
valid mean loss: 0.001242
epoch 334 took 12 sec
train mean loss: 0.001252
valid mean loss: 0.001238
epoch 335 took 12 sec
train mean loss: 0.001258
valid mean loss: 0.001269
epoch 336 took 12 sec
train mean loss: 0.001259
valid mean loss: 0.001237
epoch 337 took 12 sec
train mean loss: 0.001255
valid mean loss: 0.001241
epoch 338 took 12 sec
train mean loss: 0.001260
valid mean loss: 0.001249
epoch 339 took 12 sec
train mean loss: 0.001253
valid mean loss: 0.001242
epoch 340 took 12 sec
train mean loss: 0.001261
valid mean loss: 0.001251
epoch 341 took 12 sec
train mean loss: 0.001261
valid mean loss: 0.001238
epoch 342 took 12 sec
train mean loss: 0.001253
valid mean loss: 0.001233
epoch 343 took 12 sec
train mean loss: 0.001253
valid mean loss: 0.001241
epoch 344 took 12 sec
train mean loss: 0.001255
valid mean loss: 0.001249
epoch 345 took 12 sec
train mean loss: 0.001254
valid mean loss: 0.001235
epoch 346 took 12 sec
train mean loss: 0.001252
valid mean loss: 0.001238
epoch 347 took 12 sec
train mean loss: 0.001258
valid mean loss: 0.001250
epoch 348 took 12 sec
train mean loss: 0.001246
valid mean loss: 0.001262
epoch 349 took 12 sec
train mean loss: 0.001249
valid mean loss: 0.001242
epoch 350 took 12 sec
train mean loss: 0.001261
valid mean loss: 0.001254
epoch 351 took 12 sec
train mean loss: 0.001249
valid mean loss: 0.001232
epoch 352 took 12 sec
train mean loss: 0.001247
valid mean loss: 0.001239
epoch 353 took 12 sec
train mean loss: 0.001253
valid mean loss: 0.001245
epoch 354 took 12 sec
train mean loss: 0.001246
valid mean loss: 0.001241
epoch 355 took 12 sec
train mean loss: 0.001254
valid mean loss: 0.001236
epoch 356 took 12 sec
train mean loss: 0.001245
valid mean loss: 0.001257
epoch 357 took 12 sec
train mean loss: 0.001255
valid mean loss: 0.001250
epoch 358 took 12 sec
train mean loss: 0.001243
valid mean loss: 0.001242
epoch 359 took 12 sec
train mean loss: 0.001247
valid mean loss: 0.001263
epoch 360 took 12 sec
train mean loss: 0.001244
valid mean loss: 0.001242
epoch 361 took 12 sec
train mean loss: 0.001253
valid mean loss: 0.001248
epoch 362 took 12 sec
train mean loss: 0.001239
valid mean loss: 0.001246
epoch 363 took 12 sec
train mean loss: 0.001247
valid mean loss: 0.001245
epoch 364 took 12 sec
train mean loss: 0.001248
valid mean loss: 0.001266
epoch 365 took 12 sec
train mean loss: 0.001245
valid mean loss: 0.001245
epoch 366 took 12 sec
train mean loss: 0.001238
valid mean loss: 0.001249
epoch 367 took 12 sec
train mean loss: 0.001244
valid mean loss: 0.001254
epoch 368 took 12 sec
train mean loss: 0.001241
valid mean loss: 0.001239
epoch 369 took 12 sec
train mean loss: 0.001245
valid mean loss: 0.001246
epoch 370 took 12 sec
train mean loss: 0.001236
valid mean loss: 0.001237
epoch 371 took 12 sec
train mean loss: 0.001247
valid mean loss: 0.001261
epoch 372 took 12 sec
train mean loss: 0.001241
valid mean loss: 0.001239
epoch 373 took 12 sec
train mean loss: 0.001236
valid mean loss: 0.001247
epoch 374 took 12 sec
train mean loss: 0.001241
valid mean loss: 0.001234
epoch 375 took 12 sec
train mean loss: 0.001233
valid mean loss: 0.001237
epoch 376 took 12 sec
train mean loss: 0.001249
valid mean loss: 0.001247
epoch 377 took 12 sec
train mean loss: 0.001240
valid mean loss: 0.001245
epoch 378 took 12 sec
train mean loss: 0.001235
valid mean loss: 0.001238
epoch 379 took 12 sec
train mean loss: 0.001236
valid mean loss: 0.001242
epoch 380 took 12 sec
train mean loss: 0.001237
valid mean loss: 0.001241
epoch 381 took 12 sec
train mean loss: 0.001237
valid mean loss: 0.001236
epoch 382 took 12 sec
train mean loss: 0.001234
valid mean loss: 0.001249
epoch 383 took 12 sec
train mean loss: 0.001232
valid mean loss: 0.001234
epoch 384 took 12 sec
train mean loss: 0.001239
valid mean loss: 0.001510
epoch 385 took 12 sec
train mean loss: 0.001233
valid mean loss: 0.001250
epoch 386 took 12 sec
train mean loss: 0.001238
valid mean loss: 0.001280
epoch 387 took 12 sec
train mean loss: 0.001242
valid mean loss: 0.001290
epoch 388 took 12 sec
train mean loss: 0.001233
valid mean loss: 0.001242
epoch 389 took 12 sec
train mean loss: 0.001232
valid mean loss: 0.001244
epoch 390 took 12 sec
train mean loss: 0.001226
valid mean loss: 0.001247
epoch 391 took 12 sec
train mean loss: 0.001228
valid mean loss: 0.001242
epoch 392 took 12 sec
train mean loss: 0.001234
valid mean loss: 0.001247
epoch 393 took 12 sec
train mean loss: 0.001229
valid mean loss: 0.001246
epoch 394 took 12 sec
train mean loss: 0.001228
valid mean loss: 0.001317
epoch 395 took 12 sec
train mean loss: 0.001239
valid mean loss: 0.001238
epoch 396 took 12 sec
train mean loss: 0.001224
valid mean loss: 0.001238
epoch 397 took 12 sec
train mean loss: 0.001223
valid mean loss: 0.001268
epoch 398 took 12 sec
train mean loss: 0.001230
valid mean loss: 0.001335
epoch 399 took 12 sec
train mean loss: 0.001228
valid mean loss: 0.001241
epoch 400 took 12 sec
train mean loss: 0.001225
valid mean loss: 0.001255
epoch 401 took 12 sec
train mean loss: 0.001222
valid mean loss: 0.001279
epoch 402 took 12 sec
train mean loss: 0.001230
valid mean loss: 0.001238
epoch 403 took 12 sec
train mean loss: 0.001225
valid mean loss: 0.001243
epoch 404 took 12 sec
train mean loss: 0.001229
valid mean loss: 0.001240
epoch 405 took 12 sec
train mean loss: 0.001220
valid mean loss: 0.001257
epoch 406 took 12 sec
train mean loss: 0.001227
valid mean loss: 0.001284
epoch 407 took 12 sec
train mean loss: 0.001224
valid mean loss: 0.001242
epoch 408 took 12 sec
train mean loss: 0.001216
valid mean loss: 0.001240
epoch 409 took 12 sec
train mean loss: 0.001237
valid mean loss: 0.001238
epoch 410 took 12 sec
train mean loss: 0.001220
valid mean loss: 0.001244
epoch 411 took 12 sec
train mean loss: 0.001223
valid mean loss: 0.001242
epoch 412 took 12 sec
train mean loss: 0.001218
valid mean loss: 0.001259
epoch 413 took 12 sec
train mean loss: 0.001228
valid mean loss: 0.001252
epoch 414 took 12 sec
train mean loss: 0.001222
valid mean loss: 0.001236
epoch 415 took 12 sec
train mean loss: 0.001216
valid mean loss: 0.001254
epoch 416 took 12 sec
train mean loss: 0.001216
valid mean loss: 0.001257
epoch 417 took 12 sec
train mean loss: 0.001219
valid mean loss: 0.001245
epoch 418 took 12 sec
train mean loss: 0.001216
valid mean loss: 0.001267
epoch 419 took 12 sec
train mean loss: 0.001217
valid mean loss: 0.001234
epoch 420 took 12 sec
train mean loss: 0.001228
valid mean loss: 0.001237
epoch 421 took 12 sec
train mean loss: 0.001214
valid mean loss: 0.001239
epoch 422 took 12 sec
train mean loss: 0.001216
valid mean loss: 0.001250
epoch 423 took 12 sec
train mean loss: 0.001212
valid mean loss: 0.001249
epoch 424 took 12 sec
train mean loss: 0.001212
valid mean loss: 0.001255
epoch 425 took 12 sec
train mean loss: 0.001215
valid mean loss: 0.001250
epoch 426 took 12 sec
train mean loss: 0.001222
valid mean loss: 0.001255
epoch 427 took 12 sec
train mean loss: 0.001211
valid mean loss: 0.001244
epoch 428 took 12 sec
train mean loss: 0.001211
valid mean loss: 0.001247
epoch 429 took 12 sec
train mean loss: 0.001209
valid mean loss: 0.001317
epoch 430 took 12 sec
train mean loss: 0.001216
valid mean loss: 0.001244
epoch 431 took 12 sec
train mean loss: 0.001211
valid mean loss: 0.001240
epoch 432 took 12 sec
train mean loss: 0.001215
valid mean loss: 0.001270
epoch 433 took 12 sec
train mean loss: 0.001205
valid mean loss: 0.001238
epoch 434 took 12 sec
train mean loss: 0.001220
valid mean loss: 0.001247
epoch 435 took 12 sec
train mean loss: 0.001203
valid mean loss: 0.001258
epoch 436 took 12 sec
train mean loss: 0.001216
valid mean loss: 0.001248
epoch 437 took 12 sec
train mean loss: 0.001210
valid mean loss: 0.001242
epoch 438 took 12 sec
train mean loss: 0.001203
valid mean loss: 0.001242
epoch 439 took 12 sec
train mean loss: 0.001208
valid mean loss: 0.001256
epoch 440 took 12 sec
train mean loss: 0.001207
valid mean loss: 0.001260
epoch 441 took 12 sec
train mean loss: 0.001215
valid mean loss: 0.001235
epoch 442 took 12 sec
train mean loss: 0.001198
valid mean loss: 0.001244
epoch 443 took 12 sec
train mean loss: 0.001207
valid mean loss: 0.001243
epoch 444 took 12 sec
train mean loss: 0.001204
valid mean loss: 0.001262
epoch 445 took 12 sec
train mean loss: 0.001204
valid mean loss: 0.001243
epoch 446 took 12 sec
train mean loss: 0.001216
valid mean loss: 0.001245
epoch 447 took 12 sec
train mean loss: 0.001201
valid mean loss: 0.001257
epoch 448 took 12 sec
train mean loss: 0.001200
valid mean loss: 0.001258
epoch 449 took 12 sec
train mean loss: 0.001200
valid mean loss: 0.001241
epoch 450 took 12 sec
train mean loss: 0.001203
valid mean loss: 0.001238
epoch 451 took 12 sec
train mean loss: 0.001210
valid mean loss: 0.001259
epoch 452 took 12 sec
train mean loss: 0.001197
valid mean loss: 0.001282
epoch 453 took 12 sec
train mean loss: 0.001198
valid mean loss: 0.001280
epoch 454 took 12 sec
train mean loss: 0.001203
valid mean loss: 0.001273
epoch 455 took 12 sec
train mean loss: 0.001207
valid mean loss: 0.001249
epoch 456 took 12 sec
train mean loss: 0.001194
valid mean loss: 0.001239
epoch 457 took 12 sec
train mean loss: 0.001195
valid mean loss: 0.001245
epoch 458 took 12 sec
train mean loss: 0.001198
valid mean loss: 0.001240
epoch 459 took 12 sec
train mean loss: 0.001196
valid mean loss: 0.001240
epoch 460 took 12 sec
train mean loss: 0.001197
valid mean loss: 0.001243
epoch 461 took 12 sec
train mean loss: 0.001195
valid mean loss: 0.001291
epoch 462 took 12 sec
train mean loss: 0.001214
valid mean loss: 0.001295
epoch 463 took 12 sec
train mean loss: 0.001189
valid mean loss: 0.001252
epoch 464 took 12 sec
train mean loss: 0.001192
valid mean loss: 0.001248
epoch 465 took 12 sec
train mean loss: 0.001197
valid mean loss: 0.001255
epoch 466 took 12 sec
train mean loss: 0.001198
valid mean loss: 0.001254
epoch 467 took 12 sec
train mean loss: 0.001193
valid mean loss: 0.001303
epoch 468 took 12 sec
train mean loss: 0.001196
valid mean loss: 0.001269
epoch 469 took 12 sec
train mean loss: 0.001191
valid mean loss: 0.001264
epoch 470 took 12 sec
train mean loss: 0.001191
valid mean loss: 0.001247
epoch 471 took 12 sec
train mean loss: 0.001192
valid mean loss: 0.001288
epoch 472 took 12 sec
train mean loss: 0.001189
valid mean loss: 0.001259
epoch 473 took 12 sec
train mean loss: 0.001192
valid mean loss: 0.001263
epoch 474 took 12 sec
train mean loss: 0.001189
valid mean loss: 0.001251
epoch 475 took 12 sec
train mean loss: 0.001201
valid mean loss: 0.001257
epoch 476 took 12 sec
train mean loss: 0.001184
valid mean loss: 0.001252
epoch 477 took 12 sec
train mean loss: 0.001188
valid mean loss: 0.001283
epoch 478 took 12 sec
train mean loss: 0.001187
valid mean loss: 0.001252
epoch 479 took 12 sec
train mean loss: 0.001194
valid mean loss: 0.001252
epoch 480 took 12 sec
train mean loss: 0.001181
valid mean loss: 0.001243
epoch 481 took 12 sec
train mean loss: 0.001188
valid mean loss: 0.001268
epoch 482 took 12 sec
train mean loss: 0.001200
valid mean loss: 0.001256
epoch 483 took 12 sec
train mean loss: 0.001176
valid mean loss: 0.001251
epoch 484 took 12 sec
train mean loss: 0.001186
valid mean loss: 0.001251
epoch 485 took 12 sec
train mean loss: 0.001188
valid mean loss: 0.001274
epoch 486 took 12 sec
train mean loss: 0.001179
valid mean loss: 0.001250
epoch 487 took 12 sec
train mean loss: 0.001185
valid mean loss: 0.001257
epoch 488 took 12 sec
train mean loss: 0.001181
valid mean loss: 0.001270
epoch 489 took 12 sec
train mean loss: 0.001182
valid mean loss: 0.001261
epoch 490 took 12 sec
train mean loss: 0.001188
valid mean loss: 0.001241
epoch 491 took 12 sec
train mean loss: 0.001187
valid mean loss: 0.001250
epoch 492 took 12 sec
train mean loss: 0.001177
valid mean loss: 0.001251
epoch 493 took 12 sec
train mean loss: 0.001178
valid mean loss: 0.001303
epoch 494 took 12 sec
train mean loss: 0.001182
valid mean loss: 0.001241
epoch 495 took 12 sec
train mean loss: 0.001182
valid mean loss: 0.001263
total training time took 6056 sec
