-------- training parameter --------
GPU ID        : 0
archtecture   : basic_cnn_tail
batch size    : 5
epoch         : 1000
color scheme  : yonly
size          : 64
------------------------------------

train mean loss: 0.018478
valid mean loss: 0.003371
  epoch 1, test cost of best model 0.003448
epoch 1 took 10 sec
train mean loss: 0.002543
valid mean loss: 0.001997
  epoch 2, test cost of best model 0.002110
epoch 2 took 10 sec
train mean loss: 0.001930
valid mean loss: 0.001639
  epoch 3, test cost of best model 0.001756
epoch 3 took 10 sec
train mean loss: 0.001728
valid mean loss: 0.001558
  epoch 4, test cost of best model 0.001680
epoch 4 took 10 sec
train mean loss: 0.001683
valid mean loss: 0.001520
  epoch 5, test cost of best model 0.001642
epoch 5 took 10 sec
train mean loss: 0.001642
valid mean loss: 0.001497
  epoch 6, test cost of best model 0.001621
epoch 6 took 10 sec
train mean loss: 0.001637
valid mean loss: 0.001486
  epoch 7, test cost of best model 0.001611
epoch 7 took 10 sec
train mean loss: 0.001618
valid mean loss: 0.001476
  epoch 8, test cost of best model 0.001600
epoch 8 took 10 sec
train mean loss: 0.001617
valid mean loss: 0.001475
  epoch 9, test cost of best model 0.001602
epoch 9 took 10 sec
train mean loss: 0.001585
valid mean loss: 0.001626
epoch 10 took 10 sec
train mean loss: 0.001599
valid mean loss: 0.001437
  epoch 11, test cost of best model 0.001563
epoch 11 took 10 sec
train mean loss: 0.001559
valid mean loss: 0.001426
  epoch 12, test cost of best model 0.001553
epoch 12 took 10 sec
train mean loss: 0.001562
valid mean loss: 0.001429
epoch 13 took 10 sec
train mean loss: 0.001547
valid mean loss: 0.001432
epoch 14 took 10 sec
train mean loss: 0.001550
valid mean loss: 0.001401
  epoch 15, test cost of best model 0.001525
epoch 15 took 10 sec
train mean loss: 0.001530
valid mean loss: 0.001408
epoch 16 took 10 sec
train mean loss: 0.001535
valid mean loss: 0.001387
  epoch 17, test cost of best model 0.001509
epoch 17 took 10 sec
train mean loss: 0.001526
valid mean loss: 0.001388
epoch 18 took 10 sec
train mean loss: 0.001532
valid mean loss: 0.001374
  epoch 19, test cost of best model 0.001498
epoch 19 took 10 sec
train mean loss: 0.001503
valid mean loss: 0.001395
epoch 20 took 10 sec
train mean loss: 0.001507
valid mean loss: 0.001369
  epoch 21, test cost of best model 0.001491
epoch 21 took 10 sec
train mean loss: 0.001503
valid mean loss: 0.001381
epoch 22 took 10 sec
train mean loss: 0.001490
valid mean loss: 0.001362
  epoch 23, test cost of best model 0.001485
epoch 23 took 10 sec
train mean loss: 0.001490
valid mean loss: 0.001352
  epoch 24, test cost of best model 0.001475
epoch 24 took 10 sec
train mean loss: 0.001490
valid mean loss: 0.001375
epoch 25 took 10 sec
train mean loss: 0.001478
valid mean loss: 0.001352
epoch 26 took 10 sec
train mean loss: 0.001494
valid mean loss: 0.001341
  epoch 27, test cost of best model 0.001464
epoch 27 took 11 sec
train mean loss: 0.001475
valid mean loss: 0.001338
  epoch 28, test cost of best model 0.001462
epoch 28 took 11 sec
train mean loss: 0.001467
valid mean loss: 0.001360
epoch 29 took 10 sec
train mean loss: 0.001464
valid mean loss: 0.001358
epoch 30 took 10 sec
train mean loss: 0.001464
valid mean loss: 0.001331
  epoch 31, test cost of best model 0.001455
epoch 31 took 10 sec
train mean loss: 0.001461
valid mean loss: 0.001339
epoch 32 took 10 sec
train mean loss: 0.001462
valid mean loss: 0.001322
  epoch 33, test cost of best model 0.001443
epoch 33 took 10 sec
train mean loss: 0.001468
valid mean loss: 0.001340
epoch 34 took 10 sec
train mean loss: 0.001441
valid mean loss: 0.001320
  epoch 35, test cost of best model 0.001442
epoch 35 took 11 sec
train mean loss: 0.001456
valid mean loss: 0.001316
  epoch 36, test cost of best model 0.001439
epoch 36 took 10 sec
train mean loss: 0.001442
valid mean loss: 0.001340
epoch 37 took 10 sec
train mean loss: 0.001446
valid mean loss: 0.001313
  epoch 38, test cost of best model 0.001436
epoch 38 took 11 sec
train mean loss: 0.001446
valid mean loss: 0.001315
epoch 39 took 10 sec
train mean loss: 0.001438
valid mean loss: 0.001357
epoch 40 took 10 sec
train mean loss: 0.001443
valid mean loss: 0.001308
  epoch 41, test cost of best model 0.001429
epoch 41 took 10 sec
train mean loss: 0.001441
valid mean loss: 0.001312
epoch 42 took 10 sec
train mean loss: 0.001430
valid mean loss: 0.001358
epoch 43 took 10 sec
train mean loss: 0.001429
valid mean loss: 0.001324
epoch 44 took 10 sec
train mean loss: 0.001426
valid mean loss: 0.001300
  epoch 45, test cost of best model 0.001424
epoch 45 took 11 sec
train mean loss: 0.001429
valid mean loss: 0.001301
epoch 46 took 10 sec
train mean loss: 0.001426
valid mean loss: 0.001302
epoch 47 took 10 sec
train mean loss: 0.001421
valid mean loss: 0.001294
  epoch 48, test cost of best model 0.001416
epoch 48 took 11 sec
train mean loss: 0.001425
valid mean loss: 0.001296
epoch 49 took 10 sec
train mean loss: 0.001419
valid mean loss: 0.001294
epoch 50 took 10 sec
train mean loss: 0.001424
valid mean loss: 0.001295
epoch 51 took 10 sec
train mean loss: 0.001423
valid mean loss: 0.001297
epoch 52 took 10 sec
train mean loss: 0.001417
valid mean loss: 0.001293
  epoch 53, test cost of best model 0.001415
epoch 53 took 11 sec
train mean loss: 0.001413
valid mean loss: 0.001295
epoch 54 took 10 sec
train mean loss: 0.001409
valid mean loss: 0.001289
  epoch 55, test cost of best model 0.001413
epoch 55 took 11 sec
train mean loss: 0.001421
valid mean loss: 0.001298
epoch 56 took 10 sec
train mean loss: 0.001408
valid mean loss: 0.001291
epoch 57 took 10 sec
train mean loss: 0.001412
valid mean loss: 0.001324
epoch 58 took 10 sec
train mean loss: 0.001411
valid mean loss: 0.001284
  epoch 59, test cost of best model 0.001407
epoch 59 took 11 sec
train mean loss: 0.001400
valid mean loss: 0.001283
  epoch 60, test cost of best model 0.001407
epoch 60 took 11 sec
train mean loss: 0.001402
valid mean loss: 0.001287
epoch 61 took 10 sec
train mean loss: 0.001407
valid mean loss: 0.001281
  epoch 62, test cost of best model 0.001404
epoch 62 took 11 sec
train mean loss: 0.001401
valid mean loss: 0.001282
epoch 63 took 10 sec
train mean loss: 0.001403
valid mean loss: 0.001314
epoch 64 took 10 sec
train mean loss: 0.001402
valid mean loss: 0.001282
epoch 65 took 10 sec
train mean loss: 0.001399
valid mean loss: 0.001325
epoch 66 took 10 sec
train mean loss: 0.001397
valid mean loss: 0.001279
  epoch 67, test cost of best model 0.001403
epoch 67 took 11 sec
train mean loss: 0.001398
valid mean loss: 0.001286
epoch 68 took 10 sec
train mean loss: 0.001395
valid mean loss: 0.001274
  epoch 69, test cost of best model 0.001394
epoch 69 took 11 sec
train mean loss: 0.001392
valid mean loss: 0.001273
  epoch 70, test cost of best model 0.001398
epoch 70 took 11 sec
train mean loss: 0.001391
valid mean loss: 0.001384
epoch 71 took 10 sec
train mean loss: 0.001393
valid mean loss: 0.001271
  epoch 72, test cost of best model 0.001394
epoch 72 took 11 sec
train mean loss: 0.001389
valid mean loss: 0.001282
epoch 73 took 10 sec
train mean loss: 0.001399
valid mean loss: 0.001273
epoch 74 took 10 sec
train mean loss: 0.001385
valid mean loss: 0.001281
epoch 75 took 10 sec
train mean loss: 0.001384
valid mean loss: 0.001276
epoch 76 took 10 sec
train mean loss: 0.001386
valid mean loss: 0.001269
  epoch 77, test cost of best model 0.001390
epoch 77 took 11 sec
train mean loss: 0.001413
valid mean loss: 0.001386
epoch 78 took 10 sec
train mean loss: 0.001374
valid mean loss: 0.001275
epoch 79 took 10 sec
train mean loss: 0.001374
valid mean loss: 0.001266
  epoch 80, test cost of best model 0.001389
epoch 80 took 11 sec
train mean loss: 0.001381
valid mean loss: 0.001270
epoch 81 took 10 sec
train mean loss: 0.001376
valid mean loss: 0.001274
epoch 82 took 10 sec
train mean loss: 0.001380
valid mean loss: 0.001262
  epoch 83, test cost of best model 0.001381
epoch 83 took 11 sec
train mean loss: 0.001383
valid mean loss: 0.001263
epoch 84 took 10 sec
train mean loss: 0.001374
valid mean loss: 0.001257
  epoch 85, test cost of best model 0.001377
epoch 85 took 11 sec
train mean loss: 0.001375
valid mean loss: 0.001258
epoch 86 took 10 sec
train mean loss: 0.001370
valid mean loss: 0.001271
epoch 87 took 10 sec
train mean loss: 0.001379
valid mean loss: 0.001263
epoch 88 took 10 sec
train mean loss: 0.001369
valid mean loss: 0.001262
epoch 89 took 10 sec
train mean loss: 0.001386
valid mean loss: 0.001261
epoch 90 took 10 sec
train mean loss: 0.001363
valid mean loss: 0.001309
epoch 91 took 10 sec
train mean loss: 0.001367
valid mean loss: 0.001255
  epoch 92, test cost of best model 0.001374
epoch 92 took 11 sec
train mean loss: 0.001372
valid mean loss: 0.001270
epoch 93 took 10 sec
train mean loss: 0.001364
valid mean loss: 0.001263
epoch 94 took 10 sec
train mean loss: 0.001369
valid mean loss: 0.001286
epoch 95 took 10 sec
train mean loss: 0.001369
valid mean loss: 0.001256
epoch 96 took 10 sec
train mean loss: 0.001366
valid mean loss: 0.001256
epoch 97 took 10 sec
train mean loss: 0.001360
valid mean loss: 0.001265
epoch 98 took 10 sec
train mean loss: 0.001369
valid mean loss: 0.001267
epoch 99 took 10 sec
train mean loss: 0.001369
valid mean loss: 0.001270
epoch 100 took 10 sec
train mean loss: 0.001355
valid mean loss: 0.001262
epoch 101 took 10 sec
train mean loss: 0.001359
valid mean loss: 0.001263
epoch 102 took 10 sec
train mean loss: 0.001357
valid mean loss: 0.001254
  epoch 103, test cost of best model 0.001375
epoch 103 took 11 sec
train mean loss: 0.001365
valid mean loss: 0.001251
  epoch 104, test cost of best model 0.001369
epoch 104 took 11 sec
train mean loss: 0.001358
valid mean loss: 0.001244
  epoch 105, test cost of best model 0.001364
epoch 105 took 11 sec
train mean loss: 0.001361
valid mean loss: 0.001249
epoch 106 took 10 sec
train mean loss: 0.001353
valid mean loss: 0.001258
epoch 107 took 10 sec
train mean loss: 0.001355
valid mean loss: 0.001253
epoch 108 took 10 sec
train mean loss: 0.001358
valid mean loss: 0.001244
epoch 109 took 10 sec
train mean loss: 0.001349
valid mean loss: 0.001247
epoch 110 took 10 sec
train mean loss: 0.001357
valid mean loss: 0.001259
epoch 111 took 10 sec
train mean loss: 0.001348
valid mean loss: 0.001246
epoch 112 took 10 sec
train mean loss: 0.001349
valid mean loss: 0.001251
epoch 113 took 10 sec
train mean loss: 0.001357
valid mean loss: 0.001261
epoch 114 took 10 sec
train mean loss: 0.001348
valid mean loss: 0.001243
  epoch 115, test cost of best model 0.001362
epoch 115 took 11 sec
train mean loss: 0.001346
valid mean loss: 0.001253
epoch 116 took 10 sec
train mean loss: 0.001350
valid mean loss: 0.001237
  epoch 117, test cost of best model 0.001356
epoch 117 took 11 sec
train mean loss: 0.001347
valid mean loss: 0.001243
epoch 118 took 10 sec
train mean loss: 0.001346
valid mean loss: 0.001250
epoch 119 took 10 sec
train mean loss: 0.001345
valid mean loss: 0.001250
epoch 120 took 10 sec
train mean loss: 0.001350
valid mean loss: 0.001278
epoch 121 took 10 sec
train mean loss: 0.001345
valid mean loss: 0.001241
epoch 122 took 10 sec
train mean loss: 0.001341
valid mean loss: 0.001248
epoch 123 took 10 sec
train mean loss: 0.001350
valid mean loss: 0.001244
epoch 124 took 10 sec
train mean loss: 0.001337
valid mean loss: 0.001245
epoch 125 took 10 sec
train mean loss: 0.001342
valid mean loss: 0.001297
epoch 126 took 10 sec
train mean loss: 0.001343
valid mean loss: 0.001282
epoch 127 took 10 sec
train mean loss: 0.001334
valid mean loss: 0.001246
epoch 128 took 10 sec
train mean loss: 0.001337
valid mean loss: 0.001254
epoch 129 took 10 sec
train mean loss: 0.001340
valid mean loss: 0.001238
epoch 130 took 10 sec
train mean loss: 0.001338
valid mean loss: 0.001234
  epoch 131, test cost of best model 0.001353
epoch 131 took 11 sec
train mean loss: 0.001336
valid mean loss: 0.001237
epoch 132 took 10 sec
train mean loss: 0.001338
valid mean loss: 0.001246
epoch 133 took 10 sec
train mean loss: 0.001335
valid mean loss: 0.001244
epoch 134 took 10 sec
train mean loss: 0.001340
valid mean loss: 0.001238
epoch 135 took 10 sec
train mean loss: 0.001331
valid mean loss: 0.001270
epoch 136 took 10 sec
train mean loss: 0.001334
valid mean loss: 0.001261
epoch 137 took 10 sec
train mean loss: 0.001332
valid mean loss: 0.001255
epoch 138 took 10 sec
train mean loss: 0.001332
valid mean loss: 0.001236
epoch 139 took 10 sec
train mean loss: 0.001334
valid mean loss: 0.001236
epoch 140 took 10 sec
train mean loss: 0.001340
valid mean loss: 0.001240
epoch 141 took 10 sec
train mean loss: 0.001329
valid mean loss: 0.001232
  epoch 142, test cost of best model 0.001352
epoch 142 took 11 sec
train mean loss: 0.001326
valid mean loss: 0.001242
epoch 143 took 10 sec
train mean loss: 0.001338
valid mean loss: 0.001233
epoch 144 took 10 sec
train mean loss: 0.001323
valid mean loss: 0.001240
epoch 145 took 10 sec
train mean loss: 0.001334
valid mean loss: 0.001235
epoch 146 took 10 sec
train mean loss: 0.001325
valid mean loss: 0.001321
epoch 147 took 10 sec
train mean loss: 0.001330
valid mean loss: 0.001235
epoch 148 took 10 sec
train mean loss: 0.001328
valid mean loss: 0.001230
  epoch 149, test cost of best model 0.001349
epoch 149 took 11 sec
train mean loss: 0.001322
valid mean loss: 0.001231
epoch 150 took 10 sec
train mean loss: 0.001332
valid mean loss: 0.001237
epoch 151 took 10 sec
train mean loss: 0.001319
valid mean loss: 0.001234
epoch 152 took 10 sec
train mean loss: 0.001325
valid mean loss: 0.001231
epoch 153 took 10 sec
train mean loss: 0.001321
valid mean loss: 0.001230
  epoch 154, test cost of best model 0.001342
epoch 154 took 11 sec
train mean loss: 0.001325
valid mean loss: 0.001259
epoch 155 took 10 sec
train mean loss: 0.001322
valid mean loss: 0.001272
epoch 156 took 10 sec
train mean loss: 0.001323
valid mean loss: 0.001261
epoch 157 took 10 sec
train mean loss: 0.001321
valid mean loss: 0.001233
epoch 158 took 10 sec
train mean loss: 0.001322
valid mean loss: 0.001237
epoch 159 took 10 sec
train mean loss: 0.001316
valid mean loss: 0.001238
epoch 160 took 10 sec
train mean loss: 0.001321
valid mean loss: 0.001226
  epoch 161, test cost of best model 0.001345
epoch 161 took 11 sec
train mean loss: 0.001318
valid mean loss: 0.001229
epoch 162 took 10 sec
train mean loss: 0.001318
valid mean loss: 0.001241
epoch 163 took 10 sec
train mean loss: 0.001318
valid mean loss: 0.001374
epoch 164 took 10 sec
train mean loss: 0.001322
valid mean loss: 0.001231
epoch 165 took 10 sec
train mean loss: 0.001314
valid mean loss: 0.001242
epoch 166 took 10 sec
train mean loss: 0.001312
valid mean loss: 0.001238
epoch 167 took 10 sec
train mean loss: 0.001318
valid mean loss: 0.001228
epoch 168 took 10 sec
train mean loss: 0.001315
valid mean loss: 0.001232
epoch 169 took 10 sec
train mean loss: 0.001313
valid mean loss: 0.001236
epoch 170 took 10 sec
train mean loss: 0.001315
valid mean loss: 0.001265
epoch 171 took 10 sec
train mean loss: 0.001312
valid mean loss: 0.001239
epoch 172 took 10 sec
train mean loss: 0.001312
valid mean loss: 0.001226
  epoch 173, test cost of best model 0.001342
epoch 173 took 11 sec
train mean loss: 0.001313
valid mean loss: 0.001227
epoch 174 took 10 sec
train mean loss: 0.001313
valid mean loss: 0.001230
epoch 175 took 10 sec
train mean loss: 0.001309
valid mean loss: 0.001247
epoch 176 took 10 sec
train mean loss: 0.001310
valid mean loss: 0.001248
epoch 177 took 10 sec
train mean loss: 0.001312
valid mean loss: 0.001338
epoch 178 took 10 sec
train mean loss: 0.001313
valid mean loss: 0.001229
epoch 179 took 10 sec
train mean loss: 0.001308
valid mean loss: 0.001225
  epoch 180, test cost of best model 0.001341
epoch 180 took 11 sec
train mean loss: 0.001308
valid mean loss: 0.001345
epoch 181 took 10 sec
train mean loss: 0.001309
valid mean loss: 0.001239
epoch 182 took 10 sec
train mean loss: 0.001308
valid mean loss: 0.001242
epoch 183 took 10 sec
train mean loss: 0.001308
valid mean loss: 0.001225
  epoch 184, test cost of best model 0.001343
epoch 184 took 11 sec
train mean loss: 0.001315
valid mean loss: 0.001220
  epoch 185, test cost of best model 0.001335
epoch 185 took 11 sec
train mean loss: 0.001303
valid mean loss: 0.001230
epoch 186 took 10 sec
train mean loss: 0.001302
valid mean loss: 0.001234
epoch 187 took 10 sec
train mean loss: 0.001307
valid mean loss: 0.001237
epoch 188 took 10 sec
train mean loss: 0.001303
valid mean loss: 0.001229
epoch 189 took 10 sec
train mean loss: 0.001312
valid mean loss: 0.001222
epoch 190 took 10 sec
train mean loss: 0.001298
valid mean loss: 0.001248
epoch 191 took 10 sec
train mean loss: 0.001302
valid mean loss: 0.001224
epoch 192 took 10 sec
train mean loss: 0.001305
valid mean loss: 0.001226
epoch 193 took 10 sec
train mean loss: 0.001304
valid mean loss: 0.001225
epoch 194 took 10 sec
train mean loss: 0.001300
valid mean loss: 0.001230
epoch 195 took 10 sec
train mean loss: 0.001302
valid mean loss: 0.001239
epoch 196 took 10 sec
train mean loss: 0.001298
valid mean loss: 0.001226
epoch 197 took 10 sec
train mean loss: 0.001302
valid mean loss: 0.001230
epoch 198 took 10 sec
train mean loss: 0.001298
valid mean loss: 0.001225
epoch 199 took 10 sec
train mean loss: 0.001300
valid mean loss: 0.001234
epoch 200 took 10 sec
train mean loss: 0.001295
valid mean loss: 0.001328
epoch 201 took 10 sec
train mean loss: 0.001303
valid mean loss: 0.001226
epoch 202 took 10 sec
train mean loss: 0.001295
valid mean loss: 0.001224
epoch 203 took 10 sec
train mean loss: 0.001295
valid mean loss: 0.001234
epoch 204 took 10 sec
train mean loss: 0.001296
valid mean loss: 0.001240
epoch 205 took 10 sec
train mean loss: 0.001301
valid mean loss: 0.001226
epoch 206 took 10 sec
train mean loss: 0.001291
valid mean loss: 0.001220
epoch 207 took 10 sec
train mean loss: 0.001297
valid mean loss: 0.001222
epoch 208 took 10 sec
train mean loss: 0.001295
valid mean loss: 0.001237
epoch 209 took 10 sec
train mean loss: 0.001292
valid mean loss: 0.001226
epoch 210 took 10 sec
train mean loss: 0.001297
valid mean loss: 0.001224
epoch 211 took 10 sec
train mean loss: 0.001290
valid mean loss: 0.001235
epoch 212 took 10 sec
train mean loss: 0.001297
valid mean loss: 0.001224
epoch 213 took 10 sec
train mean loss: 0.001296
valid mean loss: 0.001227
epoch 214 took 10 sec
train mean loss: 0.001292
valid mean loss: 0.001230
epoch 215 took 10 sec
train mean loss: 0.001288
valid mean loss: 0.001222
epoch 216 took 10 sec
train mean loss: 0.001294
valid mean loss: 0.001232
epoch 217 took 10 sec
train mean loss: 0.001288
valid mean loss: 0.001234
epoch 218 took 10 sec
train mean loss: 0.001291
valid mean loss: 0.001220
epoch 219 took 10 sec
train mean loss: 0.001288
valid mean loss: 0.001222
epoch 220 took 10 sec
train mean loss: 0.001285
valid mean loss: 0.001251
epoch 221 took 10 sec
train mean loss: 0.001294
valid mean loss: 0.001224
epoch 222 took 10 sec
train mean loss: 0.001286
valid mean loss: 0.001225
epoch 223 took 10 sec
train mean loss: 0.001284
valid mean loss: 0.001222
epoch 224 took 10 sec
train mean loss: 0.001287
valid mean loss: 0.001230
epoch 225 took 10 sec
train mean loss: 0.001287
valid mean loss: 0.001228
epoch 226 took 10 sec
train mean loss: 0.001285
valid mean loss: 0.001220
epoch 227 took 10 sec
train mean loss: 0.001287
valid mean loss: 0.001221
epoch 228 took 10 sec
train mean loss: 0.001283
valid mean loss: 0.001231
epoch 229 took 10 sec
train mean loss: 0.001287
valid mean loss: 0.001222
epoch 230 took 10 sec
train mean loss: 0.001284
valid mean loss: 0.001220
epoch 231 took 10 sec
train mean loss: 0.001286
valid mean loss: 0.001230
epoch 232 took 10 sec
train mean loss: 0.001279
valid mean loss: 0.001224
epoch 233 took 10 sec
train mean loss: 0.001282
valid mean loss: 0.001242
epoch 234 took 10 sec
train mean loss: 0.001283
valid mean loss: 0.001228
epoch 235 took 10 sec
train mean loss: 0.001289
valid mean loss: 0.001224
epoch 236 took 10 sec
train mean loss: 0.001278
valid mean loss: 0.001230
epoch 237 took 10 sec
train mean loss: 0.001284
valid mean loss: 0.001239
epoch 238 took 10 sec
train mean loss: 0.001281
valid mean loss: 0.001228
epoch 239 took 10 sec
train mean loss: 0.001279
valid mean loss: 0.001226
epoch 240 took 10 sec
train mean loss: 0.001278
valid mean loss: 0.001220
  epoch 241, test cost of best model 0.001335
epoch 241 took 11 sec
train mean loss: 0.001283
valid mean loss: 0.001224
epoch 242 took 10 sec
train mean loss: 0.001278
valid mean loss: 0.001250
epoch 243 took 10 sec
train mean loss: 0.001277
valid mean loss: 0.001226
epoch 244 took 10 sec
train mean loss: 0.001279
valid mean loss: 0.001228
epoch 245 took 10 sec
train mean loss: 0.001279
valid mean loss: 0.001225
epoch 246 took 10 sec
train mean loss: 0.001272
valid mean loss: 0.001224
epoch 247 took 10 sec
train mean loss: 0.001282
valid mean loss: 0.001252
epoch 248 took 10 sec
train mean loss: 0.001273
valid mean loss: 0.001228
epoch 249 took 10 sec
train mean loss: 0.001272
valid mean loss: 0.001226
epoch 250 took 10 sec
train mean loss: 0.001274
valid mean loss: 0.001227
epoch 251 took 10 sec
train mean loss: 0.001284
valid mean loss: 0.001236
epoch 252 took 10 sec
train mean loss: 0.001274
valid mean loss: 0.001230
epoch 253 took 10 sec
train mean loss: 0.001271
valid mean loss: 0.001219
  epoch 254, test cost of best model 0.001335
epoch 254 took 11 sec
train mean loss: 0.001277
valid mean loss: 0.001229
epoch 255 took 10 sec
train mean loss: 0.001273
valid mean loss: 0.001221
epoch 256 took 10 sec
train mean loss: 0.001269
valid mean loss: 0.001223
epoch 257 took 10 sec
train mean loss: 0.001271
valid mean loss: 0.001223
epoch 258 took 10 sec
train mean loss: 0.001275
valid mean loss: 0.001281
epoch 259 took 10 sec
train mean loss: 0.001273
valid mean loss: 0.001223
epoch 260 took 10 sec
train mean loss: 0.001267
valid mean loss: 0.001224
epoch 261 took 10 sec
train mean loss: 0.001270
valid mean loss: 0.001242
epoch 262 took 10 sec
train mean loss: 0.001269
valid mean loss: 0.001219
  epoch 263, test cost of best model 0.001334
epoch 263 took 11 sec
train mean loss: 0.001270
valid mean loss: 0.001229
epoch 264 took 10 sec
train mean loss: 0.001271
valid mean loss: 0.001222
epoch 265 took 10 sec
train mean loss: 0.001264
valid mean loss: 0.001224
epoch 266 took 10 sec
train mean loss: 0.001267
valid mean loss: 0.001228
epoch 267 took 10 sec
train mean loss: 0.001270
valid mean loss: 0.001235
epoch 268 took 10 sec
train mean loss: 0.001267
valid mean loss: 0.001220
epoch 269 took 10 sec
train mean loss: 0.001266
valid mean loss: 0.001247
epoch 270 took 10 sec
train mean loss: 0.001264
valid mean loss: 0.001226
epoch 271 took 10 sec
train mean loss: 0.001264
valid mean loss: 0.001221
epoch 272 took 10 sec
train mean loss: 0.001266
valid mean loss: 0.001231
epoch 273 took 10 sec
train mean loss: 0.001265
valid mean loss: 0.001247
epoch 274 took 10 sec
train mean loss: 0.001265
valid mean loss: 0.001234
epoch 275 took 10 sec
train mean loss: 0.001268
valid mean loss: 0.001391
epoch 276 took 10 sec
train mean loss: 0.001261
valid mean loss: 0.001226
epoch 277 took 10 sec
train mean loss: 0.001264
valid mean loss: 0.001229
epoch 278 took 10 sec
train mean loss: 0.001261
valid mean loss: 0.001228
epoch 279 took 10 sec
train mean loss: 0.001262
valid mean loss: 0.001236
epoch 280 took 10 sec
train mean loss: 0.001268
valid mean loss: 0.001219
epoch 281 took 10 sec
train mean loss: 0.001256
valid mean loss: 0.001219
epoch 282 took 10 sec
train mean loss: 0.001262
valid mean loss: 0.001223
epoch 283 took 10 sec
train mean loss: 0.001261
valid mean loss: 0.001239
epoch 284 took 10 sec
train mean loss: 0.001258
valid mean loss: 0.001224
epoch 285 took 10 sec
train mean loss: 0.001261
valid mean loss: 0.001221
epoch 286 took 10 sec
train mean loss: 0.001257
valid mean loss: 0.001252
epoch 287 took 10 sec
train mean loss: 0.001257
valid mean loss: 0.001235
epoch 288 took 10 sec
train mean loss: 0.001275
valid mean loss: 0.001225
epoch 289 took 10 sec
train mean loss: 0.001252
valid mean loss: 0.001232
epoch 290 took 10 sec
train mean loss: 0.001264
valid mean loss: 0.001220
epoch 291 took 10 sec
train mean loss: 0.001255
valid mean loss: 0.001223
epoch 292 took 10 sec
train mean loss: 0.001253
valid mean loss: 0.001220
epoch 293 took 10 sec
train mean loss: 0.001257
valid mean loss: 0.001223
epoch 294 took 10 sec
train mean loss: 0.001258
valid mean loss: 0.001225
epoch 295 took 10 sec
train mean loss: 0.001254
valid mean loss: 0.001236
epoch 296 took 10 sec
train mean loss: 0.001256
valid mean loss: 0.001223
epoch 297 took 10 sec
train mean loss: 0.001256
valid mean loss: 0.001233
epoch 298 took 10 sec
train mean loss: 0.001249
valid mean loss: 0.001228
epoch 299 took 10 sec
train mean loss: 0.001258
valid mean loss: 0.001227
epoch 300 took 10 sec
train mean loss: 0.001251
valid mean loss: 0.001219
epoch 301 took 10 sec
train mean loss: 0.001251
valid mean loss: 0.001224
epoch 302 took 10 sec
train mean loss: 0.001252
valid mean loss: 0.001224
epoch 303 took 10 sec
train mean loss: 0.001247
valid mean loss: 0.001237
epoch 304 took 10 sec
train mean loss: 0.001252
valid mean loss: 0.001247
epoch 305 took 10 sec
train mean loss: 0.001249
valid mean loss: 0.001228
epoch 306 took 10 sec
train mean loss: 0.001257
valid mean loss: 0.001226
epoch 307 took 10 sec
train mean loss: 0.001246
valid mean loss: 0.001228
epoch 308 took 10 sec
train mean loss: 0.001251
valid mean loss: 0.001243
epoch 309 took 10 sec
train mean loss: 0.001249
valid mean loss: 0.001231
epoch 310 took 10 sec
train mean loss: 0.001255
valid mean loss: 0.001230
epoch 311 took 10 sec
train mean loss: 0.001244
valid mean loss: 0.001221
epoch 312 took 10 sec
train mean loss: 0.001246
valid mean loss: 0.001237
epoch 313 took 10 sec
train mean loss: 0.001246
valid mean loss: 0.001243
epoch 314 took 10 sec
train mean loss: 0.001249
valid mean loss: 0.001223
epoch 315 took 10 sec
train mean loss: 0.001246
valid mean loss: 0.001237
epoch 316 took 10 sec
train mean loss: 0.001247
valid mean loss: 0.001226
epoch 317 took 10 sec
train mean loss: 0.001250
valid mean loss: 0.001277
epoch 318 took 10 sec
train mean loss: 0.001245
valid mean loss: 0.001223
epoch 319 took 10 sec
train mean loss: 0.001242
valid mean loss: 0.001245
epoch 320 took 10 sec
train mean loss: 0.001243
valid mean loss: 0.001227
epoch 321 took 10 sec
train mean loss: 0.001245
valid mean loss: 0.001228
epoch 322 took 10 sec
train mean loss: 0.001245
valid mean loss: 0.001239
epoch 323 took 10 sec
train mean loss: 0.001243
valid mean loss: 0.001243
epoch 324 took 10 sec
train mean loss: 0.001241
valid mean loss: 0.001230
epoch 325 took 10 sec
train mean loss: 0.001240
valid mean loss: 0.001237
epoch 326 took 10 sec
train mean loss: 0.001246
valid mean loss: 0.001229
epoch 327 took 10 sec
train mean loss: 0.001239
valid mean loss: 0.001230
epoch 328 took 10 sec
train mean loss: 0.001242
valid mean loss: 0.001232
epoch 329 took 10 sec
train mean loss: 0.001240
valid mean loss: 0.001244
epoch 330 took 10 sec
train mean loss: 0.001240
valid mean loss: 0.001256
epoch 331 took 10 sec
train mean loss: 0.001248
valid mean loss: 0.001238
epoch 332 took 10 sec
train mean loss: 0.001238
valid mean loss: 0.001224
epoch 333 took 10 sec
train mean loss: 0.001241
valid mean loss: 0.001233
epoch 334 took 10 sec
train mean loss: 0.001236
valid mean loss: 0.001232
epoch 335 took 10 sec
train mean loss: 0.001239
valid mean loss: 0.001237
epoch 336 took 10 sec
train mean loss: 0.001239
valid mean loss: 0.001225
epoch 337 took 10 sec
train mean loss: 0.001234
valid mean loss: 0.001247
epoch 338 took 10 sec
train mean loss: 0.001237
valid mean loss: 0.001230
epoch 339 took 10 sec
train mean loss: 0.001242
valid mean loss: 0.001229
epoch 340 took 10 sec
train mean loss: 0.001233
valid mean loss: 0.001234
epoch 341 took 10 sec
train mean loss: 0.001235
valid mean loss: 0.001231
epoch 342 took 10 sec
train mean loss: 0.001243
valid mean loss: 0.001229
epoch 343 took 10 sec
train mean loss: 0.001231
valid mean loss: 0.001237
epoch 344 took 10 sec
train mean loss: 0.001234
valid mean loss: 0.001232
epoch 345 took 10 sec
train mean loss: 0.001236
valid mean loss: 0.001229
epoch 346 took 10 sec
train mean loss: 0.001233
valid mean loss: 0.001228
epoch 347 took 10 sec
train mean loss: 0.001232
valid mean loss: 0.001248
epoch 348 took 10 sec
train mean loss: 0.001239
valid mean loss: 0.001222
epoch 349 took 10 sec
train mean loss: 0.001231
valid mean loss: 0.001233
epoch 350 took 10 sec
train mean loss: 0.001233
valid mean loss: 0.001237
epoch 351 took 10 sec
train mean loss: 0.001231
valid mean loss: 0.001310
epoch 352 took 10 sec
train mean loss: 0.001231
valid mean loss: 0.001229
epoch 353 took 10 sec
train mean loss: 0.001229
valid mean loss: 0.001225
epoch 354 took 10 sec
train mean loss: 0.001230
valid mean loss: 0.001236
epoch 355 took 10 sec
train mean loss: 0.001230
valid mean loss: 0.001230
epoch 356 took 10 sec
train mean loss: 0.001232
valid mean loss: 0.001243
epoch 357 took 10 sec
train mean loss: 0.001226
valid mean loss: 0.001226
epoch 358 took 10 sec
train mean loss: 0.001232
valid mean loss: 0.001231
epoch 359 took 10 sec
train mean loss: 0.001226
valid mean loss: 0.001256
epoch 360 took 10 sec
train mean loss: 0.001229
valid mean loss: 0.001334
epoch 361 took 10 sec
train mean loss: 0.001228
valid mean loss: 0.001228
epoch 362 took 10 sec
train mean loss: 0.001231
valid mean loss: 0.001244
epoch 363 took 10 sec
train mean loss: 0.001227
valid mean loss: 0.001232
epoch 364 took 10 sec
train mean loss: 0.001228
valid mean loss: 0.001234
epoch 365 took 10 sec
train mean loss: 0.001232
valid mean loss: 0.001229
epoch 366 took 10 sec
train mean loss: 0.001221
valid mean loss: 0.001263
epoch 367 took 10 sec
train mean loss: 0.001223
valid mean loss: 0.001237
epoch 368 took 10 sec
train mean loss: 0.001222
valid mean loss: 0.001253
epoch 369 took 10 sec
train mean loss: 0.001224
valid mean loss: 0.001232
total training time took 3932 sec
